Log file open, 09/30/20 18:48:27
LogInit: Display: Running engine for game: InsaneRunner
LogPlatformFile: Not using cached read wrapper
LogTaskGraph: Started task graph with 5 named threads and 23 total threads with 3 sets of task threads.
LogStats: Stats thread started at 0.243262
LogD3D11RHI: Loaded GFSDK_Aftermath_Lib.x64.dll
LogICUInternationalization: ICU TimeZone Detection - Raw Offset: +1:00, Platform Override: ''
LogPluginManager: Mounting plugin Paper2D
LogPluginManager: Mounting plugin AISupport
LogPluginManager: Mounting plugin LightPropagationVolume
LogPluginManager: Mounting plugin CameraShakePreviewer
LogPluginManager: Mounting plugin ActorLayerUtilities
LogPluginManager: Mounting plugin AnimationSharing
LogPluginManager: Mounting plugin CLionSourceCodeAccess
LogPluginManager: Mounting plugin CodeLiteSourceCodeAccess
LogPluginManager: Mounting plugin GitSourceControl
LogPluginManager: Mounting plugin KDevelopSourceCodeAccess
LogPluginManager: Mounting plugin NullSourceCodeAccess
LogPluginManager: Mounting plugin PerforceSourceControl
LogPluginManager: Mounting plugin PlasticSourceControl
LogPluginManager: Mounting plugin RiderSourceCodeAccess
LogPluginManager: Mounting plugin SubversionSourceControl
LogPluginManager: Mounting plugin UObjectPlugin
LogPluginManager: Mounting plugin VisualStudioCodeSourceCodeAccess
LogPluginManager: Mounting plugin VisualStudioSourceCodeAccess
LogPluginManager: Mounting plugin XCodeSourceCodeAccess
LogPluginManager: Mounting plugin AssetManagerEditor
LogPluginManager: Mounting plugin CryptoKeys
LogPluginManager: Mounting plugin CurveEditorTools
LogPluginManager: Mounting plugin DataValidation
LogPluginManager: Mounting plugin EditorScriptingUtilities
LogPluginManager: Mounting plugin FacialAnimation
LogPluginManager: Mounting plugin GameplayTagsEditor
LogPluginManager: Mounting plugin GeometryMode
LogPluginManager: Mounting plugin MacGraphicsSwitching
LogPluginManager: Mounting plugin MaterialAnalyzer
LogPluginManager: Mounting plugin MobileLauncherProfileWizard
LogPluginManager: Mounting plugin PluginBrowser
LogPluginManager: Mounting plugin SpeedTreeImporter
LogPluginManager: Mounting plugin DatasmithContent
LogPluginManager: Mounting plugin VariantManagerContent
LogPluginManager: Mounting plugin AlembicImporter
LogPluginManager: Mounting plugin AutomationUtils
LogPluginManager: Mounting plugin BackChannel
LogPluginManager: Mounting plugin ChaosCloth
LogPluginManager: Mounting plugin ChaosClothEditor
LogPluginManager: Mounting plugin ChaosEditor
LogPluginManager: Mounting plugin ChaosNiagara
LogPluginManager: Mounting plugin ChaosSolverPlugin
LogPluginManager: Mounting plugin CharacterAI
LogPluginManager: Mounting plugin GeometryCache
LogPluginManager: Mounting plugin GeometryCollectionPlugin
LogPluginManager: Mounting plugin GeometryProcessing
LogPluginManager: Mounting plugin PlanarCut
LogPluginManager: Mounting plugin PlatformCrypto
LogPluginManager: Mounting plugin ProxyLODPlugin
LogPluginManager: Mounting plugin SkeletalReduction
LogPluginManager: Mounting plugin Niagara
LogPluginManager: Mounting plugin MagicLeap
LogPluginManager: Mounting plugin MagicLeapLightEstimation
LogPluginManager: Mounting plugin MagicLeapMedia
LogPluginManager: Mounting plugin MagicLeapPassableWorld
LogPluginManager: Mounting plugin MLSDK
LogPluginManager: Mounting plugin AndroidMedia
LogPluginManager: Mounting plugin AvfMedia
LogPluginManager: Mounting plugin ImgMedia
LogPluginManager: Mounting plugin MediaCompositing
LogPluginManager: Mounting plugin MediaPlayerEditor
LogPluginManager: Mounting plugin WebMMedia
LogPluginManager: Mounting plugin WmfMedia
LogPluginManager: Mounting plugin MeshPainting
LogPluginManager: Mounting plugin TcpMessaging
LogPluginManager: Mounting plugin UdpMessaging
LogPluginManager: Mounting plugin ActorSequence
LogPluginManager: Mounting plugin LevelSequenceEditor
LogPluginManager: Mounting plugin MatineeToLevelSequence
LogPluginManager: Mounting plugin MovieRenderPipeline
LogPluginManager: Mounting plugin TemplateSequence
LogPluginManager: Mounting plugin NetcodeUnitTest
LogPluginManager: Mounting plugin NUTUnrealEngine4
LogPluginManager: Mounting plugin OnlineSubsystemGooglePlay
LogPluginManager: Mounting plugin OnlineSubsystemIOS
LogPluginManager: Mounting plugin OnlineSubsystem
LogPluginManager: Mounting plugin OnlineSubsystemNull
LogPluginManager: Mounting plugin OnlineSubsystemUtils
LogPluginManager: Mounting plugin LauncherChunkInstaller
LogPluginManager: Mounting plugin AndroidDeviceProfileSelector
LogPluginManager: Mounting plugin AndroidMoviePlayer
LogPluginManager: Mounting plugin AndroidPermission
LogPluginManager: Mounting plugin AppleImageUtils
LogPluginManager: Mounting plugin AppleMoviePlayer
LogPluginManager: Mounting plugin ArchVisCharacter
LogPluginManager: Mounting plugin AssetTags
LogPluginManager: Mounting plugin AudioCapture
LogPluginManager: Mounting plugin CableComponent
LogPluginManager: Mounting plugin CustomMeshComponent
LogPluginManager: Mounting plugin EditableMesh
LogPluginManager: Mounting plugin ExampleDeviceProfileSelector
LogPluginManager: Mounting plugin GoogleCloudMessaging
LogPluginManager: Mounting plugin GooglePAD
LogPluginManager: Mounting plugin IOSDeviceProfileSelector
LogPluginManager: Mounting plugin LinuxDeviceProfileSelector
LogPluginManager: Mounting plugin LocationServicesBPLibrary
LogPluginManager: Mounting plugin MobilePatchingUtils
LogPluginManager: Mounting plugin OculusVR
LogPluginManager: Mounting plugin PhysXVehicles
LogPluginManager: Mounting plugin PostSplashScreen
LogPluginManager: Mounting plugin ProceduralMeshComponent
LogPluginManager: Mounting plugin RuntimePhysXCooking
LogPluginManager: Mounting plugin SignificanceManager
LogPluginManager: Mounting plugin SoundFields
LogPluginManager: Mounting plugin SteamVR
LogPluginManager: Mounting plugin Synthesis
LogPluginManager: Mounting plugin WebMMoviePlayer
LogPluginManager: Mounting plugin WindowsMoviePlayer
LogPluginManager: Mounting plugin ScreenshotTools
LogInit: Using libcurl 7.55.1-DEV
LogInit:  - built for x86_64-pc-win32
LogInit:  - supports SSL with OpenSSL/1.1.1
LogInit:  - supports HTTP deflate (compression) using libz 1.2.8
LogInit:  - other features:
LogInit:      CURL_VERSION_SSL
LogInit:      CURL_VERSION_LIBZ
LogInit:      CURL_VERSION_IPV6
LogInit:      CURL_VERSION_ASYNCHDNS
LogInit:      CURL_VERSION_LARGEFILE
LogInit:      CURL_VERSION_IDN
LogInit:  CurlRequestOptions (configurable via config and command line):
LogInit:  - bVerifyPeer = true  - Libcurl will verify peer certificate
LogInit:  - bUseHttpProxy = false  - Libcurl will NOT use HTTP proxy
LogInit:  - bDontReuseConnections = false  - Libcurl will reuse connections
LogInit:  - MaxHostConnections = 16  - Libcurl will limit the number of connections to a host
LogInit:  - LocalHostAddr = Default
LogInit:  - BufferSize = 65536
LogOnline: OSS: Creating online subsystem instance for: NULL
LogInit: WinSock: version 1.1 (2.2), MaxSocks=32767, MaxUdp=65467
LogOnline: OSS: TryLoadSubsystemAndSetDefault: Loaded subsystem for module [NULL]
LogInit: Build: ++UE4+Release-4.25-CL-13942748
LogInit: Engine Version: 4.25.3-13942748+++UE4+Release-4.25
LogInit: Compatible Engine Version: 4.25.0-13144385+++UE4+Release-4.25
LogInit: Net CL: 13144385
LogInit: OS: Windows 10 (Release 1903) (), CPU: Intel(R) Core(TM) i7-6700HQ CPU @ 2.60GHz, GPU: Intel(R) HD Graphics 530
LogInit: Compiled (64-bit): Jul 25 2020 02:07:48
LogInit: Compiled with Visual C++: 19.24.28315.00
LogInit: Build Configuration: Development
LogInit: Branch Name: ++UE4+Release-4.25
LogInit: Command Line: 
LogInit: Base Directory: D:/UnrealEngine/UE_4.25/Engine/Binaries/Win64/
LogInit: Allocator: TBB
LogInit: Installed Engine Build: 1
LogDevObjectVersion: Number of dev versions registered: 26
LogDevObjectVersion:   Dev-Blueprints (B0D832E4-1F89-4F0D-ACCF-7EB736FD4AA2): 10
LogDevObjectVersion:   Dev-Build (E1C64328-A22C-4D53-A36C-8E866417BD8C): 0
LogDevObjectVersion:   Dev-Core (375EC13C-06E4-48FB-B500-84F0262A717E): 4
LogDevObjectVersion:   Dev-Editor (E4B068ED-F494-42E9-A231-DA0B2E46BB41): 38
LogDevObjectVersion:   Dev-Framework (CFFC743F-43B0-4480-9391-14DF171D2073): 37
LogDevObjectVersion:   Dev-Mobile (B02B49B5-BB20-44E9-A304-32B752E40360): 2
LogDevObjectVersion:   Dev-Networking (A4E4105C-59A1-49B5-A7C5-40C4547EDFEE): 0
LogDevObjectVersion:   Dev-Online (39C831C9-5AE6-47DC-9A44-9C173E1C8E7C): 0
LogDevObjectVersion:   Dev-Physics (78F01B33-EBEA-4F98-B9B4-84EACCB95AA2): 4
LogDevObjectVersion:   Dev-Platform (6631380F-2D4D-43E0-8009-CF276956A95A): 0
LogDevObjectVersion:   Dev-Rendering (12F88B9F-8875-4AFC-A67C-D90C383ABD29): 43
LogDevObjectVersion:   Dev-Sequencer (7B5AE74C-D270-4C10-A958-57980B212A5A): 12
LogDevObjectVersion:   Dev-VR (D7296918-1DD6-4BDD-9DE2-64A83CC13884): 3
LogDevObjectVersion:   Dev-LoadTimes (C2A15278-BFE7-4AFE-6C17-90FF531DF755): 1
LogDevObjectVersion:   Private-Geometry (6EACA3D4-40EC-4CC1-B786-8BED09428FC5): 3
LogDevObjectVersion:   Dev-AnimPhys (29E575DD-E0A3-4627-9D10-D276232CDCEA): 17
LogDevObjectVersion:   Dev-Anim (AF43A65D-7FD3-4947-9873-3E8ED9C1BB05): 7
LogDevObjectVersion:   Dev-ReflectionCapture (6B266CEC-1EC7-4B8F-A30B-E4D90942FC07): 1
LogDevObjectVersion:   Dev-Automation (0DF73D61-A23F-47EA-B727-89E90C41499A): 1
LogDevObjectVersion:   FortniteMain (601D1886-AC64-4F84-AA16-D3DE0DEAC7D6): 31
LogDevObjectVersion:   Dev-Enterprise (9DFFBCD6-494F-0158-E221-12823C92A888): 10
LogDevObjectVersion:   Dev-Niagara (F2AED0AC-9AFE-416F-8664-AA7FFA26D6FC): 1
LogDevObjectVersion:   Dev-Destruction (174F1F0B-B4C6-45A5-B13F-2EE8D0FB917D): 10
LogDevObjectVersion:   Dev-Physics-Ext (35F94A83-E258-406C-A318-09F59610247C): 37
LogDevObjectVersion:   Dev-PhysicsMaterial-Chaos (B68FC16E-8B1B-42E2-B453-215C058844FE): 1
LogDevObjectVersion:   Dev-CineCamera (B2E18506-4273-CFC2-A54E-F4BB758BBA07): 1
LogInit: Presizing for max 25165824 objects, including 0 objects not considered by GC, pre-allocating 0 bytes for permanent pool.
LogConfig: Applying CVar settings from Section [/Script/Engine.StreamingSettings] File [D:/Utilisateurs/valen/Documents/Unreal Projects/InsaneRunner/Saved/Config/Windows/Engine.ini]
LogConfig: Setting CVar [[s.MinBulkDataSizeForAsyncLoading:131072]]
LogConfig: Setting CVar [[s.AsyncLoadingThreadEnabled:0]]
LogConfig: Setting CVar [[s.EventDrivenLoaderEnabled:1]]
LogConfig: Setting CVar [[s.WarnIfTimeLimitExceeded:0]]
LogConfig: Setting CVar [[s.TimeLimitExceededMultiplier:1.5]]
LogConfig: Setting CVar [[s.TimeLimitExceededMinTime:0.005]]
LogConfig: Setting CVar [[s.UseBackgroundLevelStreaming:1]]
LogConfig: Setting CVar [[s.PriorityAsyncLoadingExtraTime:15.0]]
LogConfig: Setting CVar [[s.LevelStreamingActorsUpdateTimeLimit:5.0]]
LogConfig: Setting CVar [[s.PriorityLevelStreamingActorsUpdateExtraTime:5.0]]
LogConfig: Setting CVar [[s.LevelStreamingComponentsRegistrationGranularity:10]]
LogConfig: Setting CVar [[s.UnregisterComponentsTimeLimit:1.0]]
LogConfig: Setting CVar [[s.LevelStreamingComponentsUnregistrationGranularity:5]]
LogConfig: Setting CVar [[s.FlushStreamingOnExit:1]]
LogInit: Object subsystem initialized
LogConfig: Setting CVar [[con.DebugEarlyDefault:1]]
LogConfig: Setting CVar [[r.setres:1280x720]]
[2020.09.30-16.48.27:642][  0]LogConfig: Setting CVar [[r.VSync:0]]
[2020.09.30-16.48.27:642][  0]LogConfig: Setting CVar [[r.RHICmdBypass:0]]
[2020.09.30-16.48.27:642][  0]LogConfig: Applying CVar settings from Section [/Script/Engine.RendererSettings] File [D:/Utilisateurs/valen/Documents/Unreal Projects/InsaneRunner/Saved/Config/Windows/Engine.ini]
[2020.09.30-16.48.27:642][  0]LogConfig: Setting CVar [[r.GPUCrashDebugging:0]]
[2020.09.30-16.48.27:642][  0]LogConfig: Applying CVar settings from Section [/Script/Engine.RendererOverrideSettings] File [D:/Utilisateurs/valen/Documents/Unreal Projects/InsaneRunner/Saved/Config/Windows/Engine.ini]
[2020.09.30-16.48.27:642][  0]LogConfig: Applying CVar settings from Section [/Script/Engine.StreamingSettings] File [D:/Utilisateurs/valen/Documents/Unreal Projects/InsaneRunner/Saved/Config/Windows/Engine.ini]
[2020.09.30-16.48.27:642][  0]LogConfig: Setting CVar [[s.MinBulkDataSizeForAsyncLoading:131072]]
[2020.09.30-16.48.27:642][  0]LogConfig: Setting CVar [[s.AsyncLoadingThreadEnabled:0]]
[2020.09.30-16.48.27:642][  0]LogConfig: Setting CVar [[s.EventDrivenLoaderEnabled:1]]
[2020.09.30-16.48.27:642][  0]LogConfig: Setting CVar [[s.WarnIfTimeLimitExceeded:0]]
[2020.09.30-16.48.27:642][  0]LogConfig: Setting CVar [[s.TimeLimitExceededMultiplier:1.5]]
[2020.09.30-16.48.27:642][  0]LogConfig: Setting CVar [[s.TimeLimitExceededMinTime:0.005]]
[2020.09.30-16.48.27:642][  0]LogConfig: Setting CVar [[s.UseBackgroundLevelStreaming:1]]
[2020.09.30-16.48.27:642][  0]LogConfig: Setting CVar [[s.PriorityAsyncLoadingExtraTime:15.0]]
[2020.09.30-16.48.27:642][  0]LogConfig: Setting CVar [[s.LevelStreamingActorsUpdateTimeLimit:5.0]]
[2020.09.30-16.48.27:642][  0]LogConfig: Setting CVar [[s.PriorityLevelStreamingActorsUpdateExtraTime:5.0]]
[2020.09.30-16.48.27:642][  0]LogConfig: Setting CVar [[s.LevelStreamingComponentsRegistrationGranularity:10]]
[2020.09.30-16.48.27:642][  0]LogConfig: Setting CVar [[s.UnregisterComponentsTimeLimit:1.0]]
[2020.09.30-16.48.27:642][  0]LogConfig: Setting CVar [[s.LevelStreamingComponentsUnregistrationGranularity:5]]
[2020.09.30-16.48.27:642][  0]LogConfig: Setting CVar [[s.FlushStreamingOnExit:1]]
[2020.09.30-16.48.27:642][  0]LogConfig: Applying CVar settings from Section [/Script/Engine.GarbageCollectionSettings] File [D:/Utilisateurs/valen/Documents/Unreal Projects/InsaneRunner/Saved/Config/Windows/Engine.ini]
[2020.09.30-16.48.27:642][  0]LogConfig: Setting CVar [[gc.MaxObjectsNotConsideredByGC:1]]
[2020.09.30-16.48.27:642][  0]LogConfig: Setting CVar [[gc.SizeOfPermanentObjectPool:0]]
[2020.09.30-16.48.27:642][  0]LogConfig: Setting CVar [[gc.FlushStreamingOnGC:0]]
[2020.09.30-16.48.27:642][  0]LogConfig: Setting CVar [[gc.NumRetriesBeforeForcingGC:10]]
[2020.09.30-16.48.27:642][  0]LogConfig: Setting CVar [[gc.AllowParallelGC:1]]
[2020.09.30-16.48.27:642][  0]LogConfig: Setting CVar [[gc.TimeBetweenPurgingPendingKillObjects:61.1]]
[2020.09.30-16.48.27:642][  0]LogConfig: Setting CVar [[gc.MaxObjectsInEditor:25165824]]
[2020.09.30-16.48.27:642][  0]LogConfig: Setting CVar [[gc.IncrementalBeginDestroyEnabled:1]]
[2020.09.30-16.48.27:642][  0]LogConfig: Setting CVar [[gc.CreateGCClusters:1]]
[2020.09.30-16.48.27:642][  0]LogConfig: Setting CVar [[gc.MinGCClusterSize:5]]
[2020.09.30-16.48.27:642][  0]LogConfig: Setting CVar [[gc.ActorClusteringEnabled:0]]
[2020.09.30-16.48.27:642][  0]LogConfig: Setting CVar [[gc.BlueprintClusteringEnabled:0]]
[2020.09.30-16.48.27:643][  0]LogConfig: Setting CVar [[gc.UseDisregardForGCOnDedicatedServers:0]]
[2020.09.30-16.48.27:643][  0]LogConfig: Applying CVar settings from Section [/Script/Engine.NetworkSettings] File [D:/Utilisateurs/valen/Documents/Unreal Projects/InsaneRunner/Saved/Config/Windows/Engine.ini]
[2020.09.30-16.48.27:643][  0]LogConfig: Applying CVar settings from Section [/Script/UnrealEd.CookerSettings] File [D:/Utilisateurs/valen/Documents/Unreal Projects/InsaneRunner/Saved/Config/Windows/Engine.ini]
[2020.09.30-16.48.27:646][  0]LogConfig: Applying CVar settings from Section [ViewDistanceQuality@3] File [D:/Utilisateurs/valen/Documents/Unreal Projects/InsaneRunner/Saved/Config/Windows/Scalability.ini]
[2020.09.30-16.48.27:646][  0]LogConfig: Setting CVar [[r.SkeletalMeshLODBias:0]]
[2020.09.30-16.48.27:646][  0]LogConfig: Setting CVar [[r.ViewDistanceScale:1.0]]
[2020.09.30-16.48.27:646][  0]LogConfig: Applying CVar settings from Section [AntiAliasingQuality@3] File [D:/Utilisateurs/valen/Documents/Unreal Projects/InsaneRunner/Saved/Config/Windows/Scalability.ini]
[2020.09.30-16.48.27:647][  0]LogConfig: Setting CVar [[r.PostProcessAAQuality:4]]
[2020.09.30-16.48.27:647][  0]LogConfig: Applying CVar settings from Section [ShadowQuality@3] File [D:/Utilisateurs/valen/Documents/Unreal Projects/InsaneRunner/Saved/Config/Windows/Scalability.ini]
[2020.09.30-16.48.27:647][  0]LogConfig: Setting CVar [[r.LightFunctionQuality:1]]
[2020.09.30-16.48.27:647][  0]LogConfig: Setting CVar [[r.ShadowQuality:5]]
[2020.09.30-16.48.27:647][  0]LogConfig: Setting CVar [[r.Shadow.CSM.MaxCascades:10]]
[2020.09.30-16.48.27:647][  0]LogConfig: Setting CVar [[r.Shadow.MaxResolution:2048]]
[2020.09.30-16.48.27:647][  0]LogConfig: Setting CVar [[r.Shadow.MaxCSMResolution:2048]]
[2020.09.30-16.48.27:647][  0]LogConfig: Setting CVar [[r.Shadow.RadiusThreshold:0.01]]
[2020.09.30-16.48.27:647][  0]LogConfig: Setting CVar [[r.Shadow.DistanceScale:1.0]]
[2020.09.30-16.48.27:647][  0]LogConfig: Setting CVar [[r.Shadow.CSM.TransitionScale:1.0]]
[2020.09.30-16.48.27:647][  0]LogConfig: Setting CVar [[r.Shadow.PreShadowResolutionFactor:1.0]]
[2020.09.30-16.48.27:647][  0]LogConfig: Setting CVar [[r.DistanceFieldShadowing:1]]
[2020.09.30-16.48.27:647][  0]LogConfig: Setting CVar [[r.DistanceFieldAO:1]]
[2020.09.30-16.48.27:647][  0]LogConfig: Setting CVar [[r.AOQuality:2]]
[2020.09.30-16.48.27:647][  0]LogConfig: Setting CVar [[r.VolumetricFog:1]]
[2020.09.30-16.48.27:647][  0]LogConfig: Setting CVar [[r.VolumetricFog.GridPixelSize:8]]
[2020.09.30-16.48.27:647][  0]LogConfig: Setting CVar [[r.VolumetricFog.GridSizeZ:128]]
[2020.09.30-16.48.27:647][  0]LogConfig: Setting CVar [[r.VolumetricFog.HistoryMissSupersampleCount:4]]
[2020.09.30-16.48.27:647][  0]LogConfig: Setting CVar [[r.LightMaxDrawDistanceScale:1]]
[2020.09.30-16.48.27:647][  0]LogConfig: Setting CVar [[r.CapsuleShadows:1]]
[2020.09.30-16.48.27:647][  0]LogConfig: Applying CVar settings from Section [PostProcessQuality@3] File [D:/Utilisateurs/valen/Documents/Unreal Projects/InsaneRunner/Saved/Config/Windows/Scalability.ini]
[2020.09.30-16.48.27:647][  0]LogConfig: Setting CVar [[r.MotionBlurQuality:4]]
[2020.09.30-16.48.27:647][  0]LogConfig: Setting CVar [[r.AmbientOcclusionMipLevelFactor:0.4]]
[2020.09.30-16.48.27:647][  0]LogConfig: Setting CVar [[r.AmbientOcclusionMaxQuality:100]]
[2020.09.30-16.48.27:647][  0]LogConfig: Setting CVar [[r.AmbientOcclusionLevels:-1]]
[2020.09.30-16.48.27:647][  0]LogConfig: Setting CVar [[r.AmbientOcclusionRadiusScale:1.0]]
[2020.09.30-16.48.27:647][  0]LogConfig: Setting CVar [[r.DepthOfFieldQuality:2]]
[2020.09.30-16.48.27:647][  0]LogConfig: Setting CVar [[r.RenderTargetPoolMin:400]]
[2020.09.30-16.48.27:647][  0]LogConfig: Setting CVar [[r.LensFlareQuality:2]]
[2020.09.30-16.48.27:647][  0]LogConfig: Setting CVar [[r.SceneColorFringeQuality:1]]
[2020.09.30-16.48.27:647][  0]LogConfig: Setting CVar [[r.EyeAdaptationQuality:2]]
[2020.09.30-16.48.27:647][  0]LogConfig: Setting CVar [[r.BloomQuality:5]]
[2020.09.30-16.48.27:647][  0]LogConfig: Setting CVar [[r.FastBlurThreshold:100]]
[2020.09.30-16.48.27:647][  0]LogConfig: Setting CVar [[r.Upscale.Quality:3]]
[2020.09.30-16.48.27:647][  0]LogConfig: Setting CVar [[r.Tonemapper.GrainQuantization:1]]
[2020.09.30-16.48.27:647][  0]LogConfig: Setting CVar [[r.LightShaftQuality:1]]
[2020.09.30-16.48.27:647][  0]LogConfig: Setting CVar [[r.Filter.SizeScale:1]]
[2020.09.30-16.48.27:647][  0]LogConfig: Setting CVar [[r.Tonemapper.Quality:5]]
[2020.09.30-16.48.27:647][  0]LogConfig: Setting CVar [[r.DOF.Gather.AccumulatorQuality:1        ; higher gathering accumulator quality]]
[2020.09.30-16.48.27:647][  0]LogConfig: Setting CVar [[r.DOF.Gather.PostfilterMethod:1          ; Median3x3 postfilering method]]
[2020.09.30-16.48.27:647][  0]LogConfig: Setting CVar [[r.DOF.Gather.EnableBokehSettings:0       ; no bokeh simulation when gathering]]
[2020.09.30-16.48.27:647][  0]LogConfig: Setting CVar [[r.DOF.Gather.RingCount:4                 ; medium number of samples when gathering]]
[2020.09.30-16.48.27:647][  0]LogConfig: Setting CVar [[r.DOF.Scatter.ForegroundCompositing:1    ; additive foreground scattering]]
[2020.09.30-16.48.27:647][  0]LogConfig: Setting CVar [[r.DOF.Scatter.BackgroundCompositing:2    ; additive background scattering]]
[2020.09.30-16.48.27:647][  0]LogConfig: Setting CVar [[r.DOF.Scatter.EnableBokehSettings:1      ; bokeh simulation when scattering]]
[2020.09.30-16.48.27:647][  0]LogConfig: Setting CVar [[r.DOF.Scatter.MaxSpriteRatio:0.1         ; only a maximum of 10% of scattered bokeh]]
[2020.09.30-16.48.27:647][  0]LogConfig: Setting CVar [[r.DOF.Recombine.Quality:1                ; cheap slight out of focus]]
[2020.09.30-16.48.27:647][  0]LogConfig: Setting CVar [[r.DOF.Recombine.EnableBokehSettings:0    ; no bokeh simulation on slight out of focus]]
[2020.09.30-16.48.27:647][  0]LogConfig: Setting CVar [[r.DOF.TemporalAAQuality:1                ; more stable temporal accumulation]]
[2020.09.30-16.48.27:648][  0]LogConfig: Setting CVar [[r.DOF.Kernel.MaxForegroundRadius:0.025]]
[2020.09.30-16.48.27:648][  0]LogConfig: Setting CVar [[r.DOF.Kernel.MaxBackgroundRadius:0.025]]
[2020.09.30-16.48.27:648][  0]LogConfig: Applying CVar settings from Section [TextureQuality@3] File [D:/Utilisateurs/valen/Documents/Unreal Projects/InsaneRunner/Saved/Config/Windows/Scalability.ini]
[2020.09.30-16.48.27:648][  0]LogConfig: Setting CVar [[r.Streaming.MipBias:0]]
[2020.09.30-16.48.27:648][  0]LogConfig: Setting CVar [[r.Streaming.AmortizeCPUToGPUCopy:0]]
[2020.09.30-16.48.27:648][  0]LogConfig: Setting CVar [[r.Streaming.MaxNumTexturesToStreamPerFrame:0]]
[2020.09.30-16.48.27:648][  0]LogConfig: Setting CVar [[r.Streaming.Boost:1]]
[2020.09.30-16.48.27:648][  0]LogConfig: Setting CVar [[r.MaxAnisotropy:8]]
[2020.09.30-16.48.27:648][  0]LogConfig: Setting CVar [[r.VT.MaxAnisotropy:8]]
[2020.09.30-16.48.27:648][  0]LogConfig: Setting CVar [[r.Streaming.LimitPoolSizeToVRAM:0]]
[2020.09.30-16.48.27:648][  0]LogConfig: Setting CVar [[r.Streaming.PoolSize:1000]]
[2020.09.30-16.48.27:648][  0]LogConfig: Setting CVar [[r.Streaming.MaxEffectiveScreenSize:0]]
[2020.09.30-16.48.27:648][  0]LogConfig: Applying CVar settings from Section [EffectsQuality@3] File [D:/Utilisateurs/valen/Documents/Unreal Projects/InsaneRunner/Saved/Config/Windows/Scalability.ini]
[2020.09.30-16.48.27:648][  0]LogConfig: Setting CVar [[r.TranslucencyLightingVolumeDim:64]]
[2020.09.30-16.48.27:648][  0]LogConfig: Setting CVar [[r.RefractionQuality:2]]
[2020.09.30-16.48.27:648][  0]LogConfig: Setting CVar [[r.SSR.Quality:3]]
[2020.09.30-16.48.27:648][  0]LogConfig: Setting CVar [[r.SSR.HalfResSceneColor:0]]
[2020.09.30-16.48.27:648][  0]LogConfig: Setting CVar [[r.SceneColorFormat:4]]
[2020.09.30-16.48.27:648][  0]LogConfig: Setting CVar [[r.DetailMode:2]]
[2020.09.30-16.48.27:648][  0]LogConfig: Setting CVar [[r.TranslucencyVolumeBlur:1]]
[2020.09.30-16.48.27:648][  0]LogConfig: Setting CVar [[r.MaterialQualityLevel:1 ; High quality]]
[2020.09.30-16.48.27:648][  0]LogConfig: Setting CVar [[r.SSS.Scale:1]]
[2020.09.30-16.48.27:648][  0]LogConfig: Setting CVar [[r.SSS.SampleSet:2]]
[2020.09.30-16.48.27:648][  0]LogConfig: Setting CVar [[r.SSS.Quality:1]]
[2020.09.30-16.48.27:648][  0]LogConfig: Setting CVar [[r.SSS.HalfRes:0]]
[2020.09.30-16.48.27:648][  0]LogConfig: Setting CVar [[r.SSGI.Quality:3]]
[2020.09.30-16.48.27:648][  0]LogConfig: Setting CVar [[r.EmitterSpawnRateScale:1.0]]
[2020.09.30-16.48.27:648][  0]LogConfig: Setting CVar [[r.ParticleLightQuality:2]]
[2020.09.30-16.48.27:648][  0]LogConfig: Setting CVar [[r.SkyAtmosphere.AerialPerspectiveLUT.FastApplyOnOpaque:1 ; Always have FastSkyLUT 1 in this case to avoid wrong sky]]
[2020.09.30-16.48.27:648][  0]LogConfig: Setting CVar [[r.SkyAtmosphere.AerialPerspectiveLUT.SampleCountPerSlice:1]]
[2020.09.30-16.48.27:648][  0]LogConfig: Setting CVar [[r.SkyAtmosphere.AerialPerspectiveLUT.DepthResolution:16.0]]
[2020.09.30-16.48.27:648][  0]LogConfig: Setting CVar [[r.SkyAtmosphere.FastSkyLUT:1]]
[2020.09.30-16.48.27:648][  0]LogConfig: Setting CVar [[r.SkyAtmosphere.FastSkyLUT.SampleCountMin:4.0]]
[2020.09.30-16.48.27:648][  0]LogConfig: Setting CVar [[r.SkyAtmosphere.FastSkyLUT.SampleCountMax:32.0]]
[2020.09.30-16.48.27:648][  0]LogConfig: Setting CVar [[r.SkyAtmosphere.SampleCountMin:4.0]]
[2020.09.30-16.48.27:648][  0]LogConfig: Setting CVar [[r.SkyAtmosphere.SampleCountMax:32.0]]
[2020.09.30-16.48.27:648][  0]LogConfig: Setting CVar [[r.SkyAtmosphere.TransmittanceLUT.UseSmallFormat:0]]
[2020.09.30-16.48.27:648][  0]LogConfig: Setting CVar [[r.SkyAtmosphere.TransmittanceLUT.SampleCount:10.0]]
[2020.09.30-16.48.27:648][  0]LogConfig: Setting CVar [[r.SkyAtmosphere.MultiScatteringLUT.SampleCount:15.0]]
[2020.09.30-16.48.27:648][  0]LogConfig: Applying CVar settings from Section [FoliageQuality@3] File [D:/Utilisateurs/valen/Documents/Unreal Projects/InsaneRunner/Saved/Config/Windows/Scalability.ini]
[2020.09.30-16.48.27:648][  0]LogConfig: Setting CVar [[foliage.DensityScale:1.0]]
[2020.09.30-16.48.27:648][  0]LogConfig: Setting CVar [[grass.DensityScale:1.0]]
[2020.09.30-16.48.27:648][  0]LogConfig: Applying CVar settings from Section [ShadingQuality@3] File [D:/Utilisateurs/valen/Documents/Unreal Projects/InsaneRunner/Saved/Config/Windows/Scalability.ini]
[2020.09.30-16.48.27:648][  0]LogConfig: Setting CVar [[r.HairStrands.SkyLighting.SampleCount:16]]
[2020.09.30-16.48.27:648][  0]LogConfig: Setting CVar [[r.HairStrands.SkyLighting.JitterIntegration:0]]
[2020.09.30-16.48.27:648][  0]LogConfig: Setting CVar [[r.HairStrands.SkyAO.SampleCount:16]]
[2020.09.30-16.48.27:649][  0]LogConfig: Setting CVar [[r.HairStrands.DeepShadow.SuperSampling:0]]
[2020.09.30-16.48.27:649][  0]LogConfig: Setting CVar [[r.HairStrands.VisibilityPPLL:0]]
[2020.09.30-16.48.27:649][  0]LogConfig: Setting CVar [[r.HairStrands.RasterizationScale:0.5]]
[2020.09.30-16.48.27:649][  0]LogConfig: Setting CVar [[r.HairStrands.VelocityRasterizationScale:1]]
[2020.09.30-16.48.27:649][  0]LogInit: Selected Device Profile: [Windows]
[2020.09.30-16.48.27:649][  0]LogInit: Applying CVar settings loaded from the selected device profile: [Windows]
[2020.09.30-16.48.27:649][  0]LogHAL: Display: Platform has ~ 16 GB [17089462272 / 17179869184 / 16], which maps to Larger [LargestMinGB=32, LargerMinGB=12, DefaultMinGB=8, SmallerMinGB=6, SmallestMinGB=0)
[2020.09.30-16.48.27:649][  0]LogInit: Going up to parent DeviceProfile []
[2020.09.30-16.48.27:649][  0]LogConfig: Applying CVar settings from Section [ViewDistanceQuality@3] File [D:/Utilisateurs/valen/Documents/Unreal Projects/InsaneRunner/Saved/Config/Windows/Scalability.ini]
[2020.09.30-16.48.27:649][  0]LogConfig: Setting CVar [[r.SkeletalMeshLODBias:0]]
[2020.09.30-16.48.27:649][  0]LogConfig: Setting CVar [[r.ViewDistanceScale:1.0]]
[2020.09.30-16.48.27:649][  0]LogConfig: Applying CVar settings from Section [AntiAliasingQuality@3] File [D:/Utilisateurs/valen/Documents/Unreal Projects/InsaneRunner/Saved/Config/Windows/Scalability.ini]
[2020.09.30-16.48.27:649][  0]LogConfig: Setting CVar [[r.PostProcessAAQuality:4]]
[2020.09.30-16.48.27:649][  0]LogConfig: Applying CVar settings from Section [ShadowQuality@3] File [D:/Utilisateurs/valen/Documents/Unreal Projects/InsaneRunner/Saved/Config/Windows/Scalability.ini]
[2020.09.30-16.48.27:649][  0]LogConfig: Setting CVar [[r.LightFunctionQuality:1]]
[2020.09.30-16.48.27:649][  0]LogConfig: Setting CVar [[r.ShadowQuality:5]]
[2020.09.30-16.48.27:649][  0]LogConfig: Setting CVar [[r.Shadow.CSM.MaxCascades:10]]
[2020.09.30-16.48.27:649][  0]LogConfig: Setting CVar [[r.Shadow.MaxResolution:2048]]
[2020.09.30-16.48.27:649][  0]LogConfig: Setting CVar [[r.Shadow.MaxCSMResolution:2048]]
[2020.09.30-16.48.27:649][  0]LogConfig: Setting CVar [[r.Shadow.RadiusThreshold:0.01]]
[2020.09.30-16.48.27:649][  0]LogConfig: Setting CVar [[r.Shadow.DistanceScale:1.0]]
[2020.09.30-16.48.27:649][  0]LogConfig: Setting CVar [[r.Shadow.CSM.TransitionScale:1.0]]
[2020.09.30-16.48.27:649][  0]LogConfig: Setting CVar [[r.Shadow.PreShadowResolutionFactor:1.0]]
[2020.09.30-16.48.27:649][  0]LogConfig: Setting CVar [[r.DistanceFieldShadowing:1]]
[2020.09.30-16.48.27:649][  0]LogConfig: Setting CVar [[r.DistanceFieldAO:1]]
[2020.09.30-16.48.27:649][  0]LogConfig: Setting CVar [[r.AOQuality:2]]
[2020.09.30-16.48.27:649][  0]LogConfig: Setting CVar [[r.VolumetricFog:1]]
[2020.09.30-16.48.27:649][  0]LogConfig: Setting CVar [[r.VolumetricFog.GridPixelSize:8]]
[2020.09.30-16.48.27:649][  0]LogConfig: Setting CVar [[r.VolumetricFog.GridSizeZ:128]]
[2020.09.30-16.48.27:649][  0]LogConfig: Setting CVar [[r.VolumetricFog.HistoryMissSupersampleCount:4]]
[2020.09.30-16.48.27:649][  0]LogConfig: Setting CVar [[r.LightMaxDrawDistanceScale:1]]
[2020.09.30-16.48.27:649][  0]LogConfig: Setting CVar [[r.CapsuleShadows:1]]
[2020.09.30-16.48.27:649][  0]LogConfig: Applying CVar settings from Section [PostProcessQuality@3] File [D:/Utilisateurs/valen/Documents/Unreal Projects/InsaneRunner/Saved/Config/Windows/Scalability.ini]
[2020.09.30-16.48.27:649][  0]LogConfig: Setting CVar [[r.MotionBlurQuality:4]]
[2020.09.30-16.48.27:649][  0]LogConfig: Setting CVar [[r.AmbientOcclusionMipLevelFactor:0.4]]
[2020.09.30-16.48.27:649][  0]LogConfig: Setting CVar [[r.AmbientOcclusionMaxQuality:100]]
[2020.09.30-16.48.27:649][  0]LogConfig: Setting CVar [[r.AmbientOcclusionLevels:-1]]
[2020.09.30-16.48.27:649][  0]LogConfig: Setting CVar [[r.AmbientOcclusionRadiusScale:1.0]]
[2020.09.30-16.48.27:649][  0]LogConfig: Setting CVar [[r.DepthOfFieldQuality:2]]
[2020.09.30-16.48.27:649][  0]LogConfig: Setting CVar [[r.RenderTargetPoolMin:400]]
[2020.09.30-16.48.27:649][  0]LogConfig: Setting CVar [[r.LensFlareQuality:2]]
[2020.09.30-16.48.27:649][  0]LogConfig: Setting CVar [[r.SceneColorFringeQuality:1]]
[2020.09.30-16.48.27:649][  0]LogConfig: Setting CVar [[r.EyeAdaptationQuality:2]]
[2020.09.30-16.48.27:649][  0]LogConfig: Setting CVar [[r.BloomQuality:5]]
[2020.09.30-16.48.27:649][  0]LogConfig: Setting CVar [[r.FastBlurThreshold:100]]
[2020.09.30-16.48.27:649][  0]LogConfig: Setting CVar [[r.Upscale.Quality:3]]
[2020.09.30-16.48.27:649][  0]LogConfig: Setting CVar [[r.Tonemapper.GrainQuantization:1]]
[2020.09.30-16.48.27:649][  0]LogConfig: Setting CVar [[r.LightShaftQuality:1]]
[2020.09.30-16.48.27:649][  0]LogConfig: Setting CVar [[r.Filter.SizeScale:1]]
[2020.09.30-16.48.27:649][  0]LogConfig: Setting CVar [[r.Tonemapper.Quality:5]]
[2020.09.30-16.48.27:649][  0]LogConfig: Setting CVar [[r.DOF.Gather.AccumulatorQuality:1        ; higher gathering accumulator quality]]
[2020.09.30-16.48.27:649][  0]LogConfig: Setting CVar [[r.DOF.Gather.PostfilterMethod:1          ; Median3x3 postfilering method]]
[2020.09.30-16.48.27:650][  0]LogConfig: Setting CVar [[r.DOF.Gather.EnableBokehSettings:0       ; no bokeh simulation when gathering]]
[2020.09.30-16.48.27:650][  0]LogConfig: Setting CVar [[r.DOF.Gather.RingCount:4                 ; medium number of samples when gathering]]
[2020.09.30-16.48.27:650][  0]LogConfig: Setting CVar [[r.DOF.Scatter.ForegroundCompositing:1    ; additive foreground scattering]]
[2020.09.30-16.48.27:650][  0]LogConfig: Setting CVar [[r.DOF.Scatter.BackgroundCompositing:2    ; additive background scattering]]
[2020.09.30-16.48.27:650][  0]LogConfig: Setting CVar [[r.DOF.Scatter.EnableBokehSettings:1      ; bokeh simulation when scattering]]
[2020.09.30-16.48.27:650][  0]LogConfig: Setting CVar [[r.DOF.Scatter.MaxSpriteRatio:0.1         ; only a maximum of 10% of scattered bokeh]]
[2020.09.30-16.48.27:650][  0]LogConfig: Setting CVar [[r.DOF.Recombine.Quality:1                ; cheap slight out of focus]]
[2020.09.30-16.48.27:650][  0]LogConfig: Setting CVar [[r.DOF.Recombine.EnableBokehSettings:0    ; no bokeh simulation on slight out of focus]]
[2020.09.30-16.48.27:650][  0]LogConfig: Setting CVar [[r.DOF.TemporalAAQuality:1                ; more stable temporal accumulation]]
[2020.09.30-16.48.27:650][  0]LogConfig: Setting CVar [[r.DOF.Kernel.MaxForegroundRadius:0.025]]
[2020.09.30-16.48.27:650][  0]LogConfig: Setting CVar [[r.DOF.Kernel.MaxBackgroundRadius:0.025]]
[2020.09.30-16.48.27:650][  0]LogConfig: Applying CVar settings from Section [TextureQuality@3] File [D:/Utilisateurs/valen/Documents/Unreal Projects/InsaneRunner/Saved/Config/Windows/Scalability.ini]
[2020.09.30-16.48.27:650][  0]LogConfig: Setting CVar [[r.Streaming.MipBias:0]]
[2020.09.30-16.48.27:650][  0]LogConfig: Setting CVar [[r.Streaming.AmortizeCPUToGPUCopy:0]]
[2020.09.30-16.48.27:650][  0]LogConfig: Setting CVar [[r.Streaming.MaxNumTexturesToStreamPerFrame:0]]
[2020.09.30-16.48.27:650][  0]LogConfig: Setting CVar [[r.Streaming.Boost:1]]
[2020.09.30-16.48.27:650][  0]LogConfig: Setting CVar [[r.MaxAnisotropy:8]]
[2020.09.30-16.48.27:650][  0]LogConfig: Setting CVar [[r.VT.MaxAnisotropy:8]]
[2020.09.30-16.48.27:650][  0]LogConfig: Setting CVar [[r.Streaming.LimitPoolSizeToVRAM:0]]
[2020.09.30-16.48.27:650][  0]LogConfig: Setting CVar [[r.Streaming.PoolSize:1000]]
[2020.09.30-16.48.27:650][  0]LogConfig: Setting CVar [[r.Streaming.MaxEffectiveScreenSize:0]]
[2020.09.30-16.48.27:650][  0]LogConfig: Applying CVar settings from Section [EffectsQuality@3] File [D:/Utilisateurs/valen/Documents/Unreal Projects/InsaneRunner/Saved/Config/Windows/Scalability.ini]
[2020.09.30-16.48.27:650][  0]LogConfig: Setting CVar [[r.TranslucencyLightingVolumeDim:64]]
[2020.09.30-16.48.27:650][  0]LogConfig: Setting CVar [[r.RefractionQuality:2]]
[2020.09.30-16.48.27:650][  0]LogConfig: Setting CVar [[r.SSR.Quality:3]]
[2020.09.30-16.48.27:650][  0]LogConfig: Setting CVar [[r.SSR.HalfResSceneColor:0]]
[2020.09.30-16.48.27:650][  0]LogConfig: Setting CVar [[r.SceneColorFormat:4]]
[2020.09.30-16.48.27:650][  0]LogConfig: Setting CVar [[r.DetailMode:2]]
[2020.09.30-16.48.27:650][  0]LogConfig: Setting CVar [[r.TranslucencyVolumeBlur:1]]
[2020.09.30-16.48.27:650][  0]LogConfig: Setting CVar [[r.MaterialQualityLevel:1 ; High quality]]
[2020.09.30-16.48.27:650][  0]LogConfig: Setting CVar [[r.SSS.Scale:1]]
[2020.09.30-16.48.27:650][  0]LogConfig: Setting CVar [[r.SSS.SampleSet:2]]
[2020.09.30-16.48.27:650][  0]LogConfig: Setting CVar [[r.SSS.Quality:1]]
[2020.09.30-16.48.27:650][  0]LogConfig: Setting CVar [[r.SSS.HalfRes:0]]
[2020.09.30-16.48.27:650][  0]LogConfig: Setting CVar [[r.SSGI.Quality:3]]
[2020.09.30-16.48.27:650][  0]LogConfig: Setting CVar [[r.EmitterSpawnRateScale:1.0]]
[2020.09.30-16.48.27:650][  0]LogConfig: Setting CVar [[r.ParticleLightQuality:2]]
[2020.09.30-16.48.27:650][  0]LogConfig: Setting CVar [[r.SkyAtmosphere.AerialPerspectiveLUT.FastApplyOnOpaque:1 ; Always have FastSkyLUT 1 in this case to avoid wrong sky]]
[2020.09.30-16.48.27:650][  0]LogConfig: Setting CVar [[r.SkyAtmosphere.AerialPerspectiveLUT.SampleCountPerSlice:1]]
[2020.09.30-16.48.27:650][  0]LogConfig: Setting CVar [[r.SkyAtmosphere.AerialPerspectiveLUT.DepthResolution:16.0]]
[2020.09.30-16.48.27:650][  0]LogConfig: Setting CVar [[r.SkyAtmosphere.FastSkyLUT:1]]
[2020.09.30-16.48.27:650][  0]LogConfig: Setting CVar [[r.SkyAtmosphere.FastSkyLUT.SampleCountMin:4.0]]
[2020.09.30-16.48.27:650][  0]LogConfig: Setting CVar [[r.SkyAtmosphere.FastSkyLUT.SampleCountMax:32.0]]
[2020.09.30-16.48.27:650][  0]LogConfig: Setting CVar [[r.SkyAtmosphere.SampleCountMin:4.0]]
[2020.09.30-16.48.27:651][  0]LogConfig: Setting CVar [[r.SkyAtmosphere.SampleCountMax:32.0]]
[2020.09.30-16.48.27:651][  0]LogConfig: Setting CVar [[r.SkyAtmosphere.TransmittanceLUT.UseSmallFormat:0]]
[2020.09.30-16.48.27:651][  0]LogConfig: Setting CVar [[r.SkyAtmosphere.TransmittanceLUT.SampleCount:10.0]]
[2020.09.30-16.48.27:651][  0]LogConfig: Setting CVar [[r.SkyAtmosphere.MultiScatteringLUT.SampleCount:15.0]]
[2020.09.30-16.48.27:651][  0]LogConfig: Applying CVar settings from Section [FoliageQuality@3] File [D:/Utilisateurs/valen/Documents/Unreal Projects/InsaneRunner/Saved/Config/Windows/Scalability.ini]
[2020.09.30-16.48.27:651][  0]LogConfig: Setting CVar [[foliage.DensityScale:1.0]]
[2020.09.30-16.48.27:651][  0]LogConfig: Setting CVar [[grass.DensityScale:1.0]]
[2020.09.30-16.48.27:651][  0]LogConfig: Applying CVar settings from Section [ShadingQuality@3] File [D:/Utilisateurs/valen/Documents/Unreal Projects/InsaneRunner/Saved/Config/Windows/Scalability.ini]
[2020.09.30-16.48.27:651][  0]LogConfig: Setting CVar [[r.HairStrands.SkyLighting.SampleCount:16]]
[2020.09.30-16.48.27:651][  0]LogConfig: Setting CVar [[r.HairStrands.SkyLighting.JitterIntegration:0]]
[2020.09.30-16.48.27:651][  0]LogConfig: Setting CVar [[r.HairStrands.SkyAO.SampleCount:16]]
[2020.09.30-16.48.27:651][  0]LogConfig: Setting CVar [[r.HairStrands.DeepShadow.SuperSampling:0]]
[2020.09.30-16.48.27:651][  0]LogConfig: Setting CVar [[r.HairStrands.VisibilityPPLL:0]]
[2020.09.30-16.48.27:651][  0]LogConfig: Setting CVar [[r.HairStrands.RasterizationScale:0.5]]
[2020.09.30-16.48.27:651][  0]LogConfig: Setting CVar [[r.HairStrands.VelocityRasterizationScale:1]]
[2020.09.30-16.48.27:651][  0]LogConfig: Applying CVar settings from Section [Startup] File [../../../Engine/Config/ConsoleVariables.ini]
[2020.09.30-16.48.27:651][  0]LogConfig: Setting CVar [[net.UseAdaptiveNetUpdateFrequency:0]]
[2020.09.30-16.48.27:651][  0]LogConfig: Setting CVar [[p.chaos.AllowCreatePhysxBodies:1]]
[2020.09.30-16.48.27:651][  0]LogConfig: Setting CVar [[fx.SkipVectorVMBackendOptimizations:1]]
[2020.09.30-16.48.27:651][  0]LogConfig: Applying CVar settings from Section [ConsoleVariables] File [D:/Utilisateurs/valen/Documents/Unreal Projects/InsaneRunner/Saved/Config/Windows/Engine.ini]
[2020.09.30-16.48.27:651][  0]LogInit: Computer: LAPTOP-80DP8QHP
[2020.09.30-16.48.27:651][  0]LogInit: User: valen
[2020.09.30-16.48.27:651][  0]LogInit: CPU Page size=4096, Cores=4
[2020.09.30-16.48.27:651][  0]LogInit: High frequency timer resolution =10.000000 MHz
[2020.09.30-16.48.27:651][  0]LogMemory: Memory total: Physical=15.9GB (16GB approx)
[2020.09.30-16.48.27:651][  0]LogMemory: Platform Memory Stats for Windows
[2020.09.30-16.48.27:651][  0]LogMemory: Process Physical Memory: 114.05 MB used, 114.05 MB peak
[2020.09.30-16.48.27:651][  0]LogMemory: Process Virtual Memory: 96.25 MB used, 96.25 MB peak
[2020.09.30-16.48.27:651][  0]LogMemory: Physical Memory: 10333.74 MB used,  5964.04 MB free, 16297.78 MB total
[2020.09.30-16.48.27:651][  0]LogMemory: Virtual Memory: 5143.14 MB used,  134212584.00 MB free, 134217728.00 MB total
[2020.09.30-16.48.27:658][  0]LogWindows: WindowsPlatformFeatures enabled
[2020.09.30-16.48.27:702][  0]LogInit: Physics initialised using underlying interface: PhysX
[2020.09.30-16.48.27:703][  0]LogInit: Using OS detected language (fr-FR).
[2020.09.30-16.48.27:703][  0]LogInit: Using OS detected locale (fr-FR).
[2020.09.30-16.48.27:705][  0]LogTextLocalizationManager: No specific localization for 'fr-FR' exists, so the 'fr' localization will be used.
[2020.09.30-16.48.27:706][  0]LogTextLocalizationResource: LocRes '../../../Engine/Content/Localization/Editor/fr/Editor.locres' could not be opened for reading!
[2020.09.30-16.48.27:706][  0]LogTextLocalizationResource: LocRes '../../../Engine/Content/Localization/EditorTutorials/fr/EditorTutorials.locres' could not be opened for reading!
[2020.09.30-16.48.27:706][  0]LogTextLocalizationResource: LocRes '../../../Engine/Content/Localization/Keywords/fr/Keywords.locres' could not be opened for reading!
[2020.09.30-16.48.27:706][  0]LogTextLocalizationResource: LocRes '../../../Engine/Content/Localization/Category/fr/Category.locres' could not be opened for reading!
[2020.09.30-16.48.27:706][  0]LogTextLocalizationResource: LocRes '../../../Engine/Content/Localization/ToolTips/fr/ToolTips.locres' could not be opened for reading!
[2020.09.30-16.48.27:706][  0]LogTextLocalizationResource: LocRes '../../../Engine/Content/Localization/PropertyNames/fr/PropertyNames.locres' could not be opened for reading!
[2020.09.30-16.48.27:706][  0]LogTextLocalizationResource: LocRes '../../../Engine/Content/Localization/Engine/fr/Engine.locres' could not be opened for reading!
[2020.09.30-16.48.27:707][  0]LogInit: Setting process to per monitor DPI aware
[2020.09.30-16.48.27:756][  0]LogSlate: New Slate User Created.  User Index 0, Is Virtual User: 0
[2020.09.30-16.48.27:756][  0]LogSlate: Slate User Registered.  User Index 0, Is Virtual User: 0
[2020.09.30-16.48.28:049][  0]LogHMD: Failed to initialize OpenVR with code 108
[2020.09.30-16.48.28:049][  0]LogD3D11RHI: D3D11 min allowed feature level: 11_0
[2020.09.30-16.48.28:049][  0]LogD3D11RHI: D3D11 max allowed feature level: 11_0
[2020.09.30-16.48.28:049][  0]LogD3D11RHI: D3D11 adapters:
[2020.09.30-16.48.28:140][  0]LogD3D11RHI:    0. 'NVIDIA GeForce GTX 980M' (Feature Level 11_0)
[2020.09.30-16.48.28:140][  0]LogD3D11RHI:       4053/0/8148 MB DedicatedVideo/DedicatedSystem/SharedSystem, Outputs:1, VendorId:0x10de
[2020.09.30-16.48.28:167][  0]LogD3D11RHI:    1. 'Intel(R) HD Graphics 530' (Feature Level 11_0)
[2020.09.30-16.48.28:167][  0]LogD3D11RHI:       128/0/8148 MB DedicatedVideo/DedicatedSystem/SharedSystem, Outputs:0, VendorId:0x8086
[2020.09.30-16.48.28:169][  0]LogD3D11RHI:    2. 'Microsoft Basic Render Driver' (Feature Level 11_0)
[2020.09.30-16.48.28:170][  0]LogD3D11RHI:       0/0/8148 MB DedicatedVideo/DedicatedSystem/SharedSystem, Outputs:0, VendorId:0x1414
[2020.09.30-16.48.28:170][  0]LogD3D11RHI: Chosen D3D11 Adapter: 0
[2020.09.30-16.48.28:247][  0]LogD3D11RHI: Creating new Direct3DDevice
[2020.09.30-16.48.28:247][  0]LogD3D11RHI:     GPU DeviceId: 0x13d7 (for the marketing name, search the web for "GPU Device Id")
[2020.09.30-16.48.28:247][  0]LogWindows: EnumDisplayDevices:
[2020.09.30-16.48.28:247][  0]LogWindows:    0. 'Intel(R) HD Graphics 530' (P:1 D:1)
[2020.09.30-16.48.28:248][  0]LogWindows:    1. 'Intel(R) HD Graphics 530' (P:0 D:0)
[2020.09.30-16.48.28:248][  0]LogWindows:    2. 'Intel(R) HD Graphics 530' (P:0 D:0)
[2020.09.30-16.48.28:249][  0]LogWindows:    3. 'NVIDIA GeForce GTX 980M' (P:0 D:0)
[2020.09.30-16.48.28:249][  0]LogWindows:    4. 'NVIDIA GeForce GTX 980M' (P:0 D:0)
[2020.09.30-16.48.28:250][  0]LogWindows:    5. 'NVIDIA GeForce GTX 980M' (P:0 D:0)
[2020.09.30-16.48.28:250][  0]LogWindows:    6. 'NVIDIA GeForce GTX 980M' (P:0 D:0)
[2020.09.30-16.48.28:250][  0]LogWindows: DebugString: PrimaryIsNotTheChoosenAdapter PrimaryIsNotTheChoosenAdapter PrimaryIsNotTheChoosenAdapter FoundDriverCount:4 
[2020.09.30-16.48.28:250][  0]LogD3D11RHI:     Adapter Name: NVIDIA GeForce GTX 980M
[2020.09.30-16.48.28:250][  0]LogD3D11RHI:   Driver Version: 442.19 (internal:26.21.14.4219, unified:442.19)
[2020.09.30-16.48.28:250][  0]LogD3D11RHI:      Driver Date: 1-29-2020
[2020.09.30-16.48.28:250][  0]LogRHI: Texture pool is 2837 MB (70% of 4053 MB)
[2020.09.30-16.48.28:307][  0]LogD3D11RHI: RHI has support for 64 bit atomics
[2020.09.30-16.48.28:310][  0]LogD3D11RHI: [Aftermath] Enabled and primed
[2020.09.30-16.48.28:310][  0]LogD3D11RHI: Async texture creation enabled
[2020.09.30-16.48.28:310][  0]LogD3D11RHI: Array index from any shader is supported
[2020.09.30-16.48.28:332][  0]LogD3D11RHI: GPU Timing Frequency: 1000.000000 (Debug: 2 1)
[2020.09.30-16.48.28:740][  0]LogTargetPlatformManager: Display: Loaded TargetPlatform 'AllDesktop'
[2020.09.30-16.48.28:768][  0]LogTargetPlatformManager: Display: Loaded TargetPlatform 'Android'
[2020.09.30-16.48.28:768][  0]LogTargetPlatformManager: Display: Loaded TargetPlatform 'Android_ASTC'
[2020.09.30-16.48.28:768][  0]LogTargetPlatformManager: Display: Loaded TargetPlatform 'Android_DXT'
[2020.09.30-16.48.28:768][  0]LogTargetPlatformManager: Display: Loaded TargetPlatform 'Android_ETC2'
[2020.09.30-16.48.28:768][  0]LogTargetPlatformManager: Display: Loaded TargetPlatform 'AndroidClient'
[2020.09.30-16.48.28:768][  0]LogTargetPlatformManager: Display: Loaded TargetPlatform 'Android_ASTCClient'
[2020.09.30-16.48.28:768][  0]LogTargetPlatformManager: Display: Loaded TargetPlatform 'Android_DXTClient'
[2020.09.30-16.48.28:768][  0]LogTargetPlatformManager: Display: Loaded TargetPlatform 'Android_ETC2Client'
[2020.09.30-16.48.28:768][  0]LogTargetPlatformManager: Display: Loaded TargetPlatform 'Android_Multi'
[2020.09.30-16.48.28:768][  0]LogTargetPlatformManager: Display: Loaded TargetPlatform 'Android_MultiClient'
[2020.09.30-16.48.28:797][  0]LogTargetPlatformManager: Display: Loaded TargetPlatform 'IOSClient'
[2020.09.30-16.48.28:797][  0]LogTargetPlatformManager: Display: Loaded TargetPlatform 'IOS'
[2020.09.30-16.48.28:812][  0]LogTargetPlatformManager: Display: Loaded TargetPlatform 'Linux'
[2020.09.30-16.48.28:823][  0]LogTargetPlatformManager: Display: Loaded TargetPlatform 'LinuxNoEditor'
[2020.09.30-16.48.28:834][  0]LogTargetPlatformManager: Display: Loaded TargetPlatform 'LinuxClient'
[2020.09.30-16.48.28:846][  0]LogTargetPlatformManager: Display: Loaded TargetPlatform 'LinuxServer'
[2020.09.30-16.48.28:856][  0]LogTargetPlatformManager: Display: Loaded TargetPlatform 'LinuxAArch64NoEditor'
[2020.09.30-16.48.28:867][  0]LogTargetPlatformManager: Display: Loaded TargetPlatform 'LinuxAArch64Client'
[2020.09.30-16.48.28:880][  0]LogTargetPlatformManager: Display: Loaded TargetPlatform 'LinuxAArch64Server'
[2020.09.30-16.48.28:909][  0]LogTargetPlatformManager: Display: Loaded TargetPlatform 'Lumin'
[2020.09.30-16.48.28:909][  0]LogTargetPlatformManager: Display: Loaded TargetPlatform 'LuminClient'
[2020.09.30-16.48.28:928][  0]LogTargetPlatformManager: Display: Loaded TargetPlatform 'TVOSClient'
[2020.09.30-16.48.28:928][  0]LogTargetPlatformManager: Display: Loaded TargetPlatform 'TVOS'
[2020.09.30-16.48.28:938][  0]LogTargetPlatformManager: Display: Loaded TargetPlatform 'WindowsNoEditor'
[2020.09.30-16.48.28:951][  0]LogTargetPlatformManager: Display: Loaded TargetPlatform 'Windows'
[2020.09.30-16.48.28:961][  0]LogTargetPlatformManager: Display: Loaded TargetPlatform 'WindowsClient'
[2020.09.30-16.48.28:972][  0]LogTargetPlatformManager: Display: Loaded TargetPlatform 'WindowsServer'
[2020.09.30-16.48.28:972][  0]LogTargetPlatformManager: Display: Building Assets For Windows
[2020.09.30-16.48.28:982][  0]LogAudioDebug: Display: Lib vorbis DLL was dynamically loaded.
[2020.09.30-16.48.29:053][  0]LogShaderCompilers: Guid format shader working directory is -26 characters bigger than the processId version (../../../../../Utilisateurs/valen/Documents/Unreal Projects/InsaneRunner/Intermediate/Shaders/WorkingDirectory/2136/).
[2020.09.30-16.48.29:053][  0]LogShaderCompilers: Cleaned the shader compiler working directory 'C:/Users/valen/AppData/Local/Temp/UnrealShaderWorkingDir/DB4D8E1041F8DA6854F2F0B2A078A0A1/'.
[2020.09.30-16.48.29:054][  0]LogXGEController: Cannot use XGE Controller as Incredibuild is not installed on this machine.
[2020.09.30-16.48.29:054][  0]LogShaderCompilers: Cannot use XGE Shader Compiler as Incredibuild is not installed on this machine.
[2020.09.30-16.48.29:054][  0]LogShaderCompilers: Display: Using Local Shader Compiler.
[2020.09.30-16.48.30:065][  0]LogDerivedDataCache: Display: Max Cache Size: 512 MB
[2020.09.30-16.48.30:134][  0]LogDerivedDataCache: Loaded boot cache 0.07s 76MB C:/Users/valen/AppData/Local/UnrealEngine/4.25/DerivedDataCache/Boot.ddc.
[2020.09.30-16.48.30:134][  0]LogDerivedDataCache: Display: Loaded Boot cache: C:/Users/valen/AppData/Local/UnrealEngine/4.25/DerivedDataCache/Boot.ddc
[2020.09.30-16.48.30:134][  0]LogDerivedDataCache: FDerivedDataBackendGraph:  Pak pak cache file ../../../../../Utilisateurs/valen/Documents/Unreal Projects/InsaneRunner/DerivedDataCache/DDC.ddp not found, will not use a pak cache.
[2020.09.30-16.48.30:134][  0]LogDerivedDataCache: Unable to find inner node Pak for hierarchical cache Hierarchy.
[2020.09.30-16.48.30:134][  0]LogDerivedDataCache: FDerivedDataBackendGraph:  CompressedPak pak cache file ../../../../../Utilisateurs/valen/Documents/Unreal Projects/InsaneRunner/DerivedDataCache/Compressed.ddp not found, will not use a pak cache.
[2020.09.30-16.48.30:134][  0]LogDerivedDataCache: Unable to find inner node CompressedPak for hierarchical cache Hierarchy.
[2020.09.30-16.48.30:148][  0]LogDerivedDataCache: Display: Pak cache opened for reading ../../../Engine/DerivedDataCache/Compressed.ddp.
[2020.09.30-16.48.30:148][  0]LogDerivedDataCache: FDerivedDataBackendGraph:  EnterprisePak pak cache file ../../../Enterprise/DerivedDataCache/Compressed.ddp not found, will not use a pak cache.
[2020.09.30-16.48.30:148][  0]LogDerivedDataCache: Unable to find inner node EnterprisePak for hierarchical cache Hierarchy.
[2020.09.30-16.48.30:150][  0]LogDerivedDataCache: Using Local data cache path C:/Users/valen/AppData/Local/UnrealEngine/Common/DerivedDataCache: Writable
[2020.09.30-16.48.30:150][  0]LogDerivedDataCache: Shared data cache path not found in *engine.ini, will not use an Shared cache.
[2020.09.30-16.48.30:150][  0]LogDerivedDataCache: Unable to find inner node Shared for hierarchical cache Hierarchy.
[2020.09.30-16.48.30:225][  0]LogSlate: Using FreeType 2.10.0
[2020.09.30-16.48.30:226][  0]LogSlate: SlateFontServices - WITH_FREETYPE: 1, WITH_HARFBUZZ: 1
[2020.09.30-16.48.30:258][  0]LogAssetRegistry: FAssetRegistry took 0.0027 seconds to start up
[2020.09.30-16.48.30:566][  0]LogInit: Selected Device Profile: [Windows]
[2020.09.30-16.48.30:711][  0]LogMeshReduction: Using QuadricMeshReduction for automatic static mesh reduction
[2020.09.30-16.48.30:711][  0]LogMeshReduction: Using SimplygonMeshReduction for automatic skeletal mesh reduction
[2020.09.30-16.48.30:711][  0]LogMeshReduction: Using ProxyLODMeshReduction for automatic mesh merging
[2020.09.30-16.48.30:711][  0]LogMeshReduction: No distributed automatic mesh merging module available
[2020.09.30-16.48.30:711][  0]LogMeshMerging: No distributed automatic mesh merging module available
[2020.09.30-16.48.30:730][  0]LogNetVersion: InsaneRunner 1.0.0, NetCL: 13144385, EngineNetVer: 14, GameNetVer: 0 (Checksum: 3678851961)
[2020.09.30-16.48.31:276][  0]LogAISub: UAISubsystem::UAISubsystem AISubsystem (000002548EFB5BC0), frame # 0
[2020.09.30-16.48.31:276][  0]LogAISub: UAISubsystem::UAISubsystem AIPerceptionSystem (000002548EED3D80), frame # 0
[2020.09.30-16.48.31:278][  0]LogAISub: UAISubsystem::UAISubsystem EnvQueryManager (000002548EEE7200), frame # 0
[2020.09.30-16.48.31:361][  0]LogPackageLocalizationCache: Processed 19 localized package path(s) for 1 prioritized culture(s) in 0.075230 seconds
[2020.09.30-16.48.31:368][  0]LogUObjectArray: 15917 objects as part of root set at end of initial load.
[2020.09.30-16.48.31:369][  0]LogUObjectAllocator: 3965568 out of 0 bytes used by permanent object pool.
[2020.09.30-16.48.31:369][  0]LogUObjectArray: CloseDisregardForGC: 0/0 objects in disregard for GC pool
[2020.09.30-16.48.31:775][  0]LogTcpMessaging: Initializing TcpMessaging bridge
[2020.09.30-16.48.31:781][  0]LogUdpMessaging: Initializing bridge on interface 0.0.0.0:0 to multicast group 230.0.0.1:6666.
[2020.09.30-16.48.31:925][  0]SourceControl: Source control is disabled
[2020.09.30-16.48.31:925][  0]SourceControl: Source control is disabled
[2020.09.30-16.48.31:928][  0]SourceControl: Source control is disabled
[2020.09.30-16.48.31:932][  0]SourceControl: Source control is disabled
[2020.09.30-16.48.31:940][  0]SourceControl: Source control is disabled
[2020.09.30-16.48.32:219][  0]LogAndroidPermission: UAndroidPermissionCallbackProxy::GetInstance
[2020.09.30-16.48.32:244][  0]LogAudioCaptureCore: Display: No Audio Capture implementations found. Audio input will be silent.
[2020.09.30-16.48.32:244][  0]LogAudioCaptureCore: Display: No Audio Capture implementations found. Audio input will be silent.
[2020.09.30-16.48.32:303][  0]LogOcInput: OculusInput pre-init called
[2020.09.30-16.48.32:315][  0]LogWindows: Failed to load 'OVRPlugin.dll' (GetLastError=126)
[2020.09.30-16.48.32:315][  0]LogWindows: File 'OVRPlugin.dll' does not exist
[2020.09.30-16.48.32:391][  0]LogEngine: Initializing Engine...
[2020.09.30-16.48.32:457][  0]LogHMD: Failed to initialize OpenVR with code 108
[2020.09.30-16.48.32:457][  0]LogMagicLeap: Warning: VR disabled because ZI is not enabled.  To enable, in the editor, Edit -> Project Settings -> Plugins -> Magic Leap Plugin -> Enable Zero Iteration
[2020.09.30-16.48.32:458][  0]LogStats: UGameplayTagsManager::InitializeManager -  0.000 s
[2020.09.30-16.48.32:608][  0]LogInit: Initializing FReadOnlyCVARCache
[2020.09.30-16.48.32:616][  0]LogAIModule: Creating AISystem for world Untitled
[2020.09.30-16.48.32:616][  0]LogAISub: UAISubsystem::UAISubsystem EnvQueryManager (0000025495BDFC00), frame # 0
[2020.09.30-16.48.32:616][  0]LogAISub: UAISubsystem::UAISubsystem AIPerceptionSystem (0000025495C2E340), frame # 0
[2020.09.30-16.48.32:648][  0]LogAudioMixer: Display: Audio Mixer Platform Settings:
[2020.09.30-16.48.32:648][  0]LogAudioMixer: Display: 	Sample Rate:						  48000
[2020.09.30-16.48.32:648][  0]LogAudioMixer: Display: 	Callback Buffer Frame Size Requested: 1024
[2020.09.30-16.48.32:648][  0]LogAudioMixer: Display: 	Callback Buffer Frame Size To Use:	  1024
[2020.09.30-16.48.32:648][  0]LogAudioMixer: Display: 	Number of buffers to queue:			  2
[2020.09.30-16.48.32:648][  0]LogAudioMixer: Display: 	Max Channels (voices):				  32
[2020.09.30-16.48.32:648][  0]LogAudioMixer: Display: 	Number of Async Source Workers:		  0
[2020.09.30-16.48.32:648][  0]LogAudio: Display: AudioDevice MaxSources: 32
[2020.09.30-16.48.32:649][  0]LogAudio: Display: Using built-in audio occlusion.
[2020.09.30-16.48.32:649][  0]LogAudioMixer: Display: Initializing audio mixer.
[2020.09.30-16.48.32:662][  0]LogAudioMixer: Display: 0: FrontLeft
[2020.09.30-16.48.32:662][  0]LogAudioMixer: Display: 1: FrontRight
[2020.09.30-16.48.32:710][  0]LogAudioMixer: Display: Using Audio Device Haut-parleurs (Realtek High Definition Audio)
[2020.09.30-16.48.32:715][  0]LogAudioMixer: Display: Initializing Sound Submixes...
[2020.09.30-16.48.32:718][  0]LogAudioMixer: Display: Creating Master Submix 'MasterSubmixDefault'
[2020.09.30-16.48.32:718][  0]LogAudioMixer: Display: Creating Master Submix 'MasterReverbSubmixDefault'
[2020.09.30-16.48.32:719][  0]LogAudioMixer: Display: Creating Master Submix 'MasterEQSubmixDefault'
[2020.09.30-16.48.32:720][  0]LogInit: FAudioDevice initialized.
[2020.09.30-16.48.32:721][  0]LogNetVersion: Set ProjectVersion to 1.0.0.0. Version Checksum will be recalculated on next use.
[2020.09.30-16.48.32:830][  0]LogDerivedDataCache: Saved boot cache 0.11s 76MB C:/Users/valen/AppData/Local/UnrealEngine/4.25/DerivedDataCache/Boot.ddc.
[2020.09.30-16.48.32:836][  0]LogInit: Texture streaming: Enabled
[2020.09.30-16.48.32:855][  0]LogEngineSessionManager: EngineSessionManager initialized
[2020.09.30-16.48.32:855][  0]LogEditorSessionSummary: Verbose: Initializing EditorSessionSummaryWriter for editor session tracking
[2020.09.30-16.48.32:859][  0]LogEditorSessionSummary: EditorSessionSummaryWriter initialized
[2020.09.30-16.48.32:934][  0]LogInit: Transaction tracking system initialized
[2020.09.30-16.48.32:960][  0]BlueprintLog: New page: Editor Load
[2020.09.30-16.48.33:040][  0]LocalizationService: Localization service is disabled
[2020.09.30-16.48.33:232][  0]LogCook: Display: Max memory allowance for cook 16384mb min free memory 0mb
[2020.09.30-16.48.33:232][  0]LogCook: Display: Mobile HDR setting 1
[2020.09.30-16.48.33:398][  0]LogFileCache: Scanning file cache for directory 'D:/Utilisateurs/valen/Documents/Unreal Projects/InsaneRunner/Content/' took 0.01s
[2020.09.30-16.48.33:647][  0]SourceControl: Source control is disabled
[2020.09.30-16.48.33:647][  0]LogUnrealEdMisc: Loading editor; pre map load, took 7.756
[2020.09.30-16.48.33:647][  0]Cmd: MAP LOAD FILE="../../../../../Utilisateurs/valen/Documents/Unreal Projects/InsaneRunner/Content/ThirdPersonBP/Maps/ThirdPersonExampleMap.umap" TEMPLATE=0 SHOWPROGRESS=1 FEATURELEVEL=3
[2020.09.30-16.48.33:647][  0]LightingResults: New page: Lighting Build
[2020.09.30-16.48.33:648][  0]LogWorld: UWorld::CleanupWorld for Untitled, bSessionEnded=true, bCleanupResources=true
[2020.09.30-16.48.33:648][  0]LogSlate: InvalidateAllWidgets triggered.  All widgets were invalidated
[2020.09.30-16.48.33:648][  0]MapCheck: New page: Map Check
[2020.09.30-16.48.33:648][  0]LightingResults: New page: Lighting Build
[2020.09.30-16.48.33:659][  0]LogAISub: UAISubsystem::~UAISubsystem EnvQueryManager (0000025495BDFC00), frame # 0
[2020.09.30-16.48.33:660][  0]LogAISub: UAISubsystem::~UAISubsystem AIPerceptionSystem (0000025495C2E340), frame # 0
[2020.09.30-16.48.33:660][  0]LogUObjectHash: Compacting FUObjectHashTables data took   0.72ms
[2020.09.30-16.48.34:180][  0]LogAIModule: Creating AISystem for world ThirdPersonExampleMap
[2020.09.30-16.48.34:180][  0]LogAISub: UAISubsystem::UAISubsystem EnvQueryManager (00000254879F9A00), frame # 0
[2020.09.30-16.48.34:180][  0]LogAISub: UAISubsystem::UAISubsystem AIPerceptionSystem (0000025487A29440), frame # 0
[2020.09.30-16.48.34:191][  0]LogEditorServer: Finished looking for orphan Actors (0.000 secs)
[2020.09.30-16.48.34:209][  0]LogUObjectHash: Compacting FUObjectHashTables data took   0.78ms
[2020.09.30-16.48.34:210][  0]Cmd: MAP CHECKDEP NOCLEARLOG
[2020.09.30-16.48.34:210][  0]MapCheck: Map check complete: 0 Error(s), 0 Warning(s), took 0,139ms to complete.
[2020.09.30-16.48.34:210][  0]LogFileHelpers: Loading map 'ThirdPersonExampleMap' took 0.564
[2020.09.30-16.48.34:212][  0]LogUnrealEdMisc: Total Editor Startup Time, took 8.322
[2020.09.30-16.48.34:372][  0]LogSlate: Updating window title bar state: overlay mode, drag disabled, window buttons hidden, title bar hidden
[2020.09.30-16.48.34:380][  0]LogSlate: Updating window title bar state: overlay mode, drag disabled, window buttons hidden, title bar hidden
[2020.09.30-16.48.34:389][  0]LogSlate: Updating window title bar state: overlay mode, drag disabled, window buttons hidden, title bar hidden
[2020.09.30-16.48.34:398][  0]LogSlate: Updating window title bar state: overlay mode, drag disabled, window buttons hidden, title bar hidden
[2020.09.30-16.48.34:409][  0]LogCollectionManager: Loaded 0 collections in 0.000865 seconds
[2020.09.30-16.48.34:426][  0]LogFileCache: Scanning file cache for directory 'D:/Utilisateurs/valen/Documents/Unreal Projects/InsaneRunner/Saved/Collections/' took 0.00s
[2020.09.30-16.48.34:426][  0]LogFileCache: Scanning file cache for directory 'D:/Utilisateurs/valen/Documents/Unreal Projects/InsaneRunner/Content/Developers/valen/Collections/' took 0.00s
[2020.09.30-16.48.34:426][  0]LogFileCache: Scanning file cache for directory 'D:/Utilisateurs/valen/Documents/Unreal Projects/InsaneRunner/Content/Collections/' took 0.00s
[2020.09.30-16.48.34:426][  0]LogContentBrowser: Native class hierarchy populated in 0.0111 seconds. Added 3427 classes and 821 folders.
[2020.09.30-16.48.34:430][  0]LogContentBrowser: Native class hierarchy updated for 'WidgetCarousel' in 0.0004 seconds. Added 0 classes and 0 folders.
[2020.09.30-16.48.34:937][  0]LogContentBrowser: Native class hierarchy updated for 'AddContentDialog' in 0.0003 seconds. Added 0 classes and 0 folders.
[2020.09.30-16.48.34:938][  0]LogContentBrowser: Native class hierarchy updated for 'SceneOutliner' in 0.0003 seconds. Added 2 classes and 0 folders.
[2020.09.30-16.48.35:011][  0]LogSlate: Took 0.000269 seconds to synchronously load lazily loaded font '../../../Engine/Content/Slate/Fonts/Roboto-Regular.ttf' (155K)
[2020.09.30-16.48.35:017][  0]LogSlate: Took 0.000172 seconds to synchronously load lazily loaded font '../../../Engine/Content/Slate/Fonts/Roboto-Bold.ttf' (160K)
[2020.09.30-16.48.35:027][  0]LogSlate: Took 0.006528 seconds to synchronously load lazily loaded font '../../../Engine/Content/Editor/Slate/Fonts/FontAwesome.ttf' (139K)
[2020.09.30-16.48.35:186][  0]LogRenderer: Reallocating scene render targets to support 1580x632 Format 10 NumSamples 1 (Frame:1).
[2020.09.30-16.48.35:402][  0]LogContentBrowser: Native class hierarchy updated for 'HierarchicalLODOutliner' in 0.0003 seconds. Added 0 classes and 0 folders.
[2020.09.30-16.48.35:403][  0]LogLoad: (Engine Initialization) Total time: 9.51 seconds
[2020.09.30-16.48.35:403][  0]LogLoad: (Engine Initialization) Total Blueprint compile time: 0.00 seconds
[2020.09.30-16.48.35:458][  0]LogAssetRegistry: Asset discovery search completed in 5.2018 seconds
[2020.09.30-16.48.35:463][  0]LogCollectionManager: Fixed up redirectors for 0 collections in 0.000003 seconds (updated 0 objects)
[2020.09.30-16.48.35:465][  0]LogContentStreaming: Texture pool size now 1000 MB
[2020.09.30-16.48.35:486][  0]LogSlate: Took 0.005167 seconds to synchronously load lazily loaded font '../../../Engine/Content/Slate/Fonts/Roboto-Light.ttf' (167K)
[2020.09.30-16.48.36:458][ 52]LogSlate: Took 0.000207 seconds to synchronously load lazily loaded font '../../../Engine/Content/Slate/Fonts/Roboto-Light.ttf' (167K)
[2020.09.30-16.48.43:169][436]LogTemp: Repeating last play command: Selected Viewport
[2020.09.30-16.48.43:186][436]LogPlayLevel: PlayLevel: No blueprints needed recompiling
[2020.09.30-16.48.43:187][436]PIE: New page: PIE session: ThirdPersonExampleMap (30 sept. 2020 à 20:48:43)
[2020.09.30-16.48.43:188][436]LogOnline: OSS: Creating online subsystem instance for: NULL
[2020.09.30-16.48.43:189][436]LogOnline: OSS: TryLoadSubsystemAndSetDefault: Loaded subsystem for module [NULL]
[2020.09.30-16.48.43:189][436]LogPlayLevel: Creating play world package: /Game/ThirdPersonBP/Maps/UEDPIE_0_ThirdPersonExampleMap
[2020.09.30-16.48.43:191][436]LogPlayLevel: PIE: StaticDuplicateObject took: (0.002298s)
[2020.09.30-16.48.43:193][436]LogAIModule: Creating AISystem for world ThirdPersonExampleMap
[2020.09.30-16.48.43:193][436]LogAISub: UAISubsystem::UAISubsystem EnvQueryManager (00000254BFAFD000), frame # 436
[2020.09.30-16.48.43:193][436]LogAISub: UAISubsystem::UAISubsystem AIPerceptionSystem (00000254BFB39440), frame # 436
[2020.09.30-16.48.43:193][436]LogPlayLevel: PIE: World Init took: (0.001375s)
[2020.09.30-16.48.43:193][436]LogPlayLevel: PIE: Created PIE world by copying editor world from /Game/ThirdPersonBP/Maps/ThirdPersonExampleMap.ThirdPersonExampleMap to /Game/ThirdPersonBP/Maps/UEDPIE_0_ThirdPersonExampleMap.ThirdPersonExampleMap (0.003814s)
[2020.09.30-16.48.43:203][436]LogUObjectHash: Compacting FUObjectHashTables data took   0.60ms
[2020.09.30-16.48.43:205][436]LogAudioMixer: Display: Audio Mixer Platform Settings:
[2020.09.30-16.48.43:205][436]LogAudioMixer: Display: 	Sample Rate:						  48000
[2020.09.30-16.48.43:205][436]LogAudioMixer: Display: 	Callback Buffer Frame Size Requested: 1024
[2020.09.30-16.48.43:205][436]LogAudioMixer: Display: 	Callback Buffer Frame Size To Use:	  1024
[2020.09.30-16.48.43:205][436]LogAudioMixer: Display: 	Number of buffers to queue:			  2
[2020.09.30-16.48.43:205][436]LogAudioMixer: Display: 	Max Channels (voices):				  32
[2020.09.30-16.48.43:205][436]LogAudioMixer: Display: 	Number of Async Source Workers:		  0
[2020.09.30-16.48.43:205][436]LogAudio: Display: AudioDevice MaxSources: 32
[2020.09.30-16.48.43:206][436]LogAudio: Display: Using built-in audio occlusion.
[2020.09.30-16.48.43:206][436]LogAudioMixer: Display: Initializing audio mixer.
[2020.09.30-16.48.43:208][436]LogAudioMixer: Display: 0: FrontLeft
[2020.09.30-16.48.43:208][436]LogAudioMixer: Display: 1: FrontRight
[2020.09.30-16.48.43:226][436]LogAudioMixer: Display: Using Audio Device Haut-parleurs (Realtek High Definition Audio)
[2020.09.30-16.48.43:226][436]LogAudioMixer: Display: Initializing Sound Submixes...
[2020.09.30-16.48.43:226][436]LogAudioMixer: Display: Creating Master Submix 'MasterSubmixDefault'
[2020.09.30-16.48.43:226][436]LogAudioMixer: Display: Creating Master Submix 'MasterReverbSubmixDefault'
[2020.09.30-16.48.43:227][436]LogAudioMixer: Display: Creating Master Submix 'MasterEQSubmixDefault'
[2020.09.30-16.48.43:244][436]LogInit: FAudioDevice initialized.
[2020.09.30-16.48.43:264][436]LogLoad: Game class is 'ThirdPersonGameMode_C'
[2020.09.30-16.48.43:267][436]LogWorld: Bringing World /Game/ThirdPersonBP/Maps/UEDPIE_0_ThirdPersonExampleMap.ThirdPersonExampleMap up for play (max tick rate 60) at 2020.09.30-18.48.43
[2020.09.30-16.48.43:267][436]LogWorld: Bringing up level for play took: 0.001220
[2020.09.30-16.48.43:267][436]LogOnline: OSS: Creating online subsystem instance for: :Context_2
[2020.09.30-16.48.43:271][436]LogContentBrowser: Native class hierarchy updated for 'MovieSceneCapture' in 0.0004 seconds. Added 20 classes and 0 folders.
[2020.09.30-16.48.43:271][436]PIE: Server logged in
[2020.09.30-16.48.43:273][436]PIE: Play in editor total start time 0,087 seconds.
[2020.09.30-16.48.45:339][556]LogSlate: Updating window title bar state: overlay mode, drag disabled, window buttons hidden, title bar hidden
[2020.09.30-16.48.45:339][556]LogWorld: BeginTearingDown for /Game/ThirdPersonBP/Maps/UEDPIE_0_ThirdPersonExampleMap
[2020.09.30-16.48.45:339][556]LogWorld: UWorld::CleanupWorld for ThirdPersonExampleMap, bSessionEnded=true, bCleanupResources=true
[2020.09.30-16.48.45:340][556]LogSlate: InvalidateAllWidgets triggered.  All widgets were invalidated
[2020.09.30-16.48.45:346][556]LogPlayLevel: Display: Shutting down PIE online subsystems
[2020.09.30-16.48.45:348][556]LogSlate: InvalidateAllWidgets triggered.  All widgets were invalidated
[2020.09.30-16.48.45:379][556]LogSlate: Updating window title bar state: overlay mode, drag disabled, window buttons hidden, title bar hidden
[2020.09.30-16.48.45:380][556]LogAISub: UAISubsystem::~UAISubsystem AIPerceptionSystem (00000254BFB39440), frame # 556
[2020.09.30-16.48.45:380][556]LogAISub: UAISubsystem::~UAISubsystem EnvQueryManager (00000254BFAFD000), frame # 556
[2020.09.30-16.48.45:381][556]LogUObjectHash: Compacting FUObjectHashTables data took   0.95ms
[2020.09.30-16.48.45:416][557]LogPlayLevel: Display: Destroying online subsystem :Context_2
[2020.09.30-16.48.49:763][800]LogAssetEditorSubsystem: Opening Asset editor for World /Game/MainMap.MainMap
[2020.09.30-16.48.49:775][800]LogUObjectHash: Compacting FUObjectHashTables data took   1.00ms
[2020.09.30-16.48.49:777][800]Cmd: MAP LOAD FILE="../../../../../Utilisateurs/valen/Documents/Unreal Projects/InsaneRunner/Content/MainMap.umap" TEMPLATE=0 SHOWPROGRESS=1 FEATURELEVEL=3
[2020.09.30-16.48.49:777][800]LightingResults: New page: Lighting Build
[2020.09.30-16.48.49:777][800]LoadErrors: New page: Loading map: MainMap.umap
[2020.09.30-16.48.49:778][800]LogWorld: UWorld::CleanupWorld for ThirdPersonExampleMap, bSessionEnded=true, bCleanupResources=true
[2020.09.30-16.48.49:778][800]LogSlate: InvalidateAllWidgets triggered.  All widgets were invalidated
[2020.09.30-16.48.49:778][800]MapCheck: New page: Map Check
[2020.09.30-16.48.49:778][800]LightingResults: New page: Lighting Build
[2020.09.30-16.48.49:861][800]LogAISub: UAISubsystem::~UAISubsystem EnvQueryManager (00000254879F9A00), frame # 800
[2020.09.30-16.48.49:861][800]LogAISub: UAISubsystem::~UAISubsystem AIPerceptionSystem (0000025487A29440), frame # 800
[2020.09.30-16.48.49:862][800]LogUObjectHash: Compacting FUObjectHashTables data took   0.76ms
[2020.09.30-16.48.49:876][800]LogEditorServer: Finished looking for orphan Actors (0.000 secs)
[2020.09.30-16.48.49:876][800]LogAIModule: Creating AISystem for world MainMap
[2020.09.30-16.48.49:876][800]LogAISub: UAISubsystem::UAISubsystem EnvQueryManager (00000254879D3E00), frame # 800
[2020.09.30-16.48.49:876][800]LogAISub: UAISubsystem::UAISubsystem AIPerceptionSystem (00000254BF6F9E40), frame # 800
[2020.09.30-16.48.49:890][800]LogUObjectHash: Compacting FUObjectHashTables data took   0.77ms
[2020.09.30-16.48.49:927][800]Cmd: MAP CHECKDEP NOCLEARLOG
[2020.09.30-16.48.49:927][800]MapCheck: Map check complete: 0 Error(s), 0 Warning(s), took 0,089ms to complete.
[2020.09.30-16.48.49:927][800]LogFileHelpers: Loading map 'MainMap' took 0.151
[2020.09.30-16.51.14:227][505]LogEditorViewport: Clicking on Actor (LMB): StaticMeshActor (MoveableBlock3)
[2020.09.30-16.51.36:190][780]LogTemp: Repeating last play command: Selected Viewport
[2020.09.30-16.51.36:209][780]LogPlayLevel: PlayLevel: No blueprints needed recompiling
[2020.09.30-16.51.36:209][780]PIE: New page: PIE session: MainMap (30 sept. 2020 à 20:51:36)
[2020.09.30-16.51.36:209][780]LogPlayLevel: Creating play world package: /Game/UEDPIE_0_MainMap
[2020.09.30-16.51.36:218][780]LogPlayLevel: PIE: StaticDuplicateObject took: (0.008977s)
[2020.09.30-16.51.36:219][780]LogAIModule: Creating AISystem for world MainMap
[2020.09.30-16.51.36:220][780]LogAISub: UAISubsystem::UAISubsystem EnvQueryManager (00000254A16A3E00), frame # 4780
[2020.09.30-16.51.36:220][780]LogAISub: UAISubsystem::UAISubsystem AIPerceptionSystem (00000254BF704CC0), frame # 4780
[2020.09.30-16.51.36:220][780]LogPlayLevel: PIE: World Init took: (0.001847s)
[2020.09.30-16.51.36:220][780]LogPlayLevel: PIE: Created PIE world by copying editor world from /Game/MainMap.MainMap to /Game/UEDPIE_0_MainMap.MainMap (0.011020s)
[2020.09.30-16.51.36:231][780]LogUObjectHash: Compacting FUObjectHashTables data took   0.79ms
[2020.09.30-16.51.36:234][780]LogAudioMixer: Display: Audio Mixer Platform Settings:
[2020.09.30-16.51.36:234][780]LogAudioMixer: Display: 	Sample Rate:						  48000
[2020.09.30-16.51.36:234][780]LogAudioMixer: Display: 	Callback Buffer Frame Size Requested: 1024
[2020.09.30-16.51.36:234][780]LogAudioMixer: Display: 	Callback Buffer Frame Size To Use:	  1024
[2020.09.30-16.51.36:234][780]LogAudioMixer: Display: 	Number of buffers to queue:			  2
[2020.09.30-16.51.36:234][780]LogAudioMixer: Display: 	Max Channels (voices):				  32
[2020.09.30-16.51.36:234][780]LogAudioMixer: Display: 	Number of Async Source Workers:		  0
[2020.09.30-16.51.36:234][780]LogAudio: Display: AudioDevice MaxSources: 32
[2020.09.30-16.51.36:234][780]LogAudio: Display: Using built-in audio occlusion.
[2020.09.30-16.51.36:234][780]LogAudioMixer: Display: Initializing audio mixer.
[2020.09.30-16.51.36:237][780]LogAudioMixer: Display: 0: FrontLeft
[2020.09.30-16.51.36:237][780]LogAudioMixer: Display: 1: FrontRight
[2020.09.30-16.51.36:259][780]LogAudioMixer: Display: Using Audio Device Haut-parleurs (Realtek High Definition Audio)
[2020.09.30-16.51.36:259][780]LogAudioMixer: Display: Initializing Sound Submixes...
[2020.09.30-16.51.36:259][780]LogAudioMixer: Display: Creating Master Submix 'MasterSubmixDefault'
[2020.09.30-16.51.36:259][780]LogAudioMixer: Display: Creating Master Submix 'MasterReverbSubmixDefault'
[2020.09.30-16.51.36:260][780]LogAudioMixer: Display: Creating Master Submix 'MasterEQSubmixDefault'
[2020.09.30-16.51.36:281][780]LogInit: FAudioDevice initialized.
[2020.09.30-16.51.36:290][780]LogLoad: Game class is 'ThirdPersonGameMode_C'
[2020.09.30-16.51.36:293][780]LogWorld: Bringing World /Game/UEDPIE_0_MainMap.MainMap up for play (max tick rate 60) at 2020.09.30-18.51.36
[2020.09.30-16.51.36:294][780]LogWorld: Bringing up level for play took: 0.002694
[2020.09.30-16.51.36:294][780]LogOnline: OSS: Creating online subsystem instance for: :Context_5
[2020.09.30-16.51.36:296][780]PIE: Server logged in
[2020.09.30-16.51.36:297][780]PIE: Play in editor total start time 0,089 seconds.
[2020.09.30-16.51.41:869][111]LogSlate: Updating window title bar state: overlay mode, drag disabled, window buttons hidden, title bar hidden
[2020.09.30-16.51.41:869][111]LogWorld: BeginTearingDown for /Game/UEDPIE_0_MainMap
[2020.09.30-16.51.41:869][111]LogWorld: UWorld::CleanupWorld for MainMap, bSessionEnded=true, bCleanupResources=true
[2020.09.30-16.51.41:870][111]LogSlate: InvalidateAllWidgets triggered.  All widgets were invalidated
[2020.09.30-16.51.41:882][111]LogPlayLevel: Display: Shutting down PIE online subsystems
[2020.09.30-16.51.41:884][111]LogSlate: InvalidateAllWidgets triggered.  All widgets were invalidated
[2020.09.30-16.51.41:922][111]LogSlate: Updating window title bar state: overlay mode, drag disabled, window buttons hidden, title bar hidden
[2020.09.30-16.51.41:924][111]LogAISub: UAISubsystem::~UAISubsystem EnvQueryManager (00000254A16A3E00), frame # 5111
[2020.09.30-16.51.41:924][111]LogAISub: UAISubsystem::~UAISubsystem AIPerceptionSystem (00000254BF704CC0), frame # 5111
[2020.09.30-16.51.41:924][111]LogUObjectHash: Compacting FUObjectHashTables data took   0.59ms
[2020.09.30-16.51.41:972][112]LogPlayLevel: Display: Destroying online subsystem :Context_5
[2020.09.30-16.51.44:158][236]Cmd: TRANSACTION UNDO
[2020.09.30-16.51.44:158][236]LogEditorTransaction: Undo Move Actors
[2020.09.30-16.51.53:771][796]LogEditorViewport: Clicking on Actor (LMB): StaticMeshActor (MoveableBlock3)
[2020.09.30-16.51.55:998][927]Cmd: DELETE
[2020.09.30-16.51.55:998][927]Cmd: ACTOR DELETE
[2020.09.30-16.51.56:000][927]LogEditorActor: Deleted Actor: StaticMeshActor
[2020.09.30-16.51.56:011][927]LogUObjectHash: Compacting FUObjectHashTables data took   0.75ms
[2020.09.30-16.51.56:014][927]LogEditorActor: Deleted 1 Actors (0.016 secs)
[2020.09.30-16.52.03:666][325]Cmd: TRANSACTION UNDO
[2020.09.30-16.52.03:666][325]LogEditorTransaction: Undo Delete Actors
[2020.09.30-16.52.15:941][ 40]Cmd: DELETE
[2020.09.30-16.52.15:942][ 40]Cmd: ACTOR DELETE
[2020.09.30-16.52.15:944][ 40]LogEditorActor: Deleted Actor: StaticMeshActor
[2020.09.30-16.52.15:954][ 40]LogUObjectHash: Compacting FUObjectHashTables data took   0.60ms
[2020.09.30-16.52.15:957][ 40]LogEditorActor: Deleted 1 Actors (0.015 secs)
[2020.09.30-16.55.35:250][990]LogEditorViewport: Clicking on Actor (LMB): StaticMeshActor (Platform8)
[2020.09.30-16.55.36:579][ 67]Cmd: CAMERA ALIGN ACTIVEVIEWPORTONLY
[2020.09.30-16.55.38:486][180]LogEditorViewport: Clicking on Actor (LMB): StaticMeshActor (TrappedPlatform3)
[2020.09.30-16.56.08:965][701]LogTemp: Repeating last play command: Selected Viewport
[2020.09.30-16.56.08:984][701]LogPlayLevel: PlayLevel: No blueprints needed recompiling
[2020.09.30-16.56.08:984][701]PIE: New page: PIE session: MainMap (30 sept. 2020 à 20:56:08)
[2020.09.30-16.56.08:984][701]LogPlayLevel: Creating play world package: /Game/UEDPIE_0_MainMap
[2020.09.30-16.56.08:992][701]LogPlayLevel: PIE: StaticDuplicateObject took: (0.007627s)
[2020.09.30-16.56.08:993][701]LogAIModule: Creating AISystem for world MainMap
[2020.09.30-16.56.08:993][701]LogAISub: UAISubsystem::UAISubsystem EnvQueryManager (00000254879FA600), frame # 8701
[2020.09.30-16.56.08:993][701]LogAISub: UAISubsystem::UAISubsystem AIPerceptionSystem (00000254879B1800), frame # 8701
[2020.09.30-16.56.08:993][701]LogPlayLevel: PIE: World Init took: (0.001313s)
[2020.09.30-16.56.08:993][701]LogPlayLevel: PIE: Created PIE world by copying editor world from /Game/MainMap.MainMap to /Game/UEDPIE_0_MainMap.MainMap (0.009114s)
[2020.09.30-16.56.09:005][701]LogUObjectHash: Compacting FUObjectHashTables data took   0.82ms
[2020.09.30-16.56.09:007][701]LogAudioMixer: Display: Audio Mixer Platform Settings:
[2020.09.30-16.56.09:007][701]LogAudioMixer: Display: 	Sample Rate:						  48000
[2020.09.30-16.56.09:008][701]LogAudioMixer: Display: 	Callback Buffer Frame Size Requested: 1024
[2020.09.30-16.56.09:008][701]LogAudioMixer: Display: 	Callback Buffer Frame Size To Use:	  1024
[2020.09.30-16.56.09:008][701]LogAudioMixer: Display: 	Number of buffers to queue:			  2
[2020.09.30-16.56.09:008][701]LogAudioMixer: Display: 	Max Channels (voices):				  32
[2020.09.30-16.56.09:008][701]LogAudioMixer: Display: 	Number of Async Source Workers:		  0
[2020.09.30-16.56.09:008][701]LogAudio: Display: AudioDevice MaxSources: 32
[2020.09.30-16.56.09:008][701]LogAudio: Display: Using built-in audio occlusion.
[2020.09.30-16.56.09:008][701]LogAudioMixer: Display: Initializing audio mixer.
[2020.09.30-16.56.09:011][701]LogAudioMixer: Display: 0: FrontLeft
[2020.09.30-16.56.09:011][701]LogAudioMixer: Display: 1: FrontRight
[2020.09.30-16.56.09:033][701]LogAudioMixer: Display: Using Audio Device Haut-parleurs (Realtek High Definition Audio)
[2020.09.30-16.56.09:034][701]LogAudioMixer: Display: Initializing Sound Submixes...
[2020.09.30-16.56.09:034][701]LogAudioMixer: Display: Creating Master Submix 'MasterSubmixDefault'
[2020.09.30-16.56.09:034][701]LogAudioMixer: Display: Creating Master Submix 'MasterReverbSubmixDefault'
[2020.09.30-16.56.09:034][701]LogAudioMixer: Display: Creating Master Submix 'MasterEQSubmixDefault'
[2020.09.30-16.56.09:053][701]LogInit: FAudioDevice initialized.
[2020.09.30-16.56.09:065][701]LogLoad: Game class is 'ThirdPersonGameMode_C'
[2020.09.30-16.56.09:069][701]LogWorld: Bringing World /Game/UEDPIE_0_MainMap.MainMap up for play (max tick rate 60) at 2020.09.30-18.56.09
[2020.09.30-16.56.09:069][701]LogWorld: Bringing up level for play took: 0.003058
[2020.09.30-16.56.09:070][701]LogOnline: OSS: Creating online subsystem instance for: :Context_6
[2020.09.30-16.56.09:072][701]PIE: Server logged in
[2020.09.30-16.56.09:073][701]PIE: Play in editor total start time 0,09 seconds.
[2020.09.30-16.56.15:029][ 44]LogSlate: Updating window title bar state: overlay mode, drag disabled, window buttons hidden, title bar hidden
[2020.09.30-16.56.15:029][ 44]LogWorld: BeginTearingDown for /Game/UEDPIE_0_MainMap
[2020.09.30-16.56.15:029][ 44]LogWorld: UWorld::CleanupWorld for MainMap, bSessionEnded=true, bCleanupResources=true
[2020.09.30-16.56.15:030][ 44]LogSlate: InvalidateAllWidgets triggered.  All widgets were invalidated
[2020.09.30-16.56.15:040][ 44]LogPlayLevel: Display: Shutting down PIE online subsystems
[2020.09.30-16.56.15:042][ 44]LogSlate: InvalidateAllWidgets triggered.  All widgets were invalidated
[2020.09.30-16.56.15:051][ 44]LogSlate: Updating window title bar state: overlay mode, drag disabled, window buttons hidden, title bar hidden
[2020.09.30-16.56.15:083][ 44]LogAISub: UAISubsystem::~UAISubsystem AIPerceptionSystem (00000254879B1800), frame # 9044
[2020.09.30-16.56.15:083][ 44]LogAISub: UAISubsystem::~UAISubsystem EnvQueryManager (00000254879FA600), frame # 9044
[2020.09.30-16.56.15:084][ 44]LogUObjectHash: Compacting FUObjectHashTables data took   0.59ms
[2020.09.30-16.56.15:113][ 45]LogPlayLevel: Display: Destroying online subsystem :Context_6
[2020.09.30-16.56.16:674][134]LogTemp: Repeating last play command: Selected Viewport
[2020.09.30-16.56.16:692][134]LogPlayLevel: PlayLevel: No blueprints needed recompiling
[2020.09.30-16.56.16:692][134]PIE: New page: PIE session: MainMap (30 sept. 2020 à 20:56:16)
[2020.09.30-16.56.16:693][134]LogPlayLevel: Creating play world package: /Game/UEDPIE_0_MainMap
[2020.09.30-16.56.16:698][134]LogPlayLevel: PIE: StaticDuplicateObject took: (0.005149s)
[2020.09.30-16.56.16:699][134]LogAIModule: Creating AISystem for world MainMap
[2020.09.30-16.56.16:700][134]LogAISub: UAISubsystem::UAISubsystem EnvQueryManager (00000254B8902200), frame # 9134
[2020.09.30-16.56.16:700][134]LogAISub: UAISubsystem::UAISubsystem AIPerceptionSystem (00000254BF757380), frame # 9134
[2020.09.30-16.56.16:700][134]LogPlayLevel: PIE: World Init took: (0.002030s)
[2020.09.30-16.56.16:700][134]LogPlayLevel: PIE: Created PIE world by copying editor world from /Game/MainMap.MainMap to /Game/UEDPIE_0_MainMap.MainMap (0.007317s)
[2020.09.30-16.56.16:711][134]LogUObjectHash: Compacting FUObjectHashTables data took   0.72ms
[2020.09.30-16.56.16:712][134]LogAudioMixer: Display: Audio Mixer Platform Settings:
[2020.09.30-16.56.16:712][134]LogAudioMixer: Display: 	Sample Rate:						  48000
[2020.09.30-16.56.16:712][134]LogAudioMixer: Display: 	Callback Buffer Frame Size Requested: 1024
[2020.09.30-16.56.16:712][134]LogAudioMixer: Display: 	Callback Buffer Frame Size To Use:	  1024
[2020.09.30-16.56.16:712][134]LogAudioMixer: Display: 	Number of buffers to queue:			  2
[2020.09.30-16.56.16:712][134]LogAudioMixer: Display: 	Max Channels (voices):				  32
[2020.09.30-16.56.16:712][134]LogAudioMixer: Display: 	Number of Async Source Workers:		  0
[2020.09.30-16.56.16:712][134]LogAudio: Display: AudioDevice MaxSources: 32
[2020.09.30-16.56.16:713][134]LogAudio: Display: Using built-in audio occlusion.
[2020.09.30-16.56.16:713][134]LogAudioMixer: Display: Initializing audio mixer.
[2020.09.30-16.56.16:714][134]LogAudioMixer: Display: 0: FrontLeft
[2020.09.30-16.56.16:715][134]LogAudioMixer: Display: 1: FrontRight
[2020.09.30-16.56.16:733][134]LogAudioMixer: Display: Using Audio Device Haut-parleurs (Realtek High Definition Audio)
[2020.09.30-16.56.16:733][134]LogAudioMixer: Display: Initializing Sound Submixes...
[2020.09.30-16.56.16:733][134]LogAudioMixer: Display: Creating Master Submix 'MasterSubmixDefault'
[2020.09.30-16.56.16:733][134]LogAudioMixer: Display: Creating Master Submix 'MasterReverbSubmixDefault'
[2020.09.30-16.56.16:734][134]LogAudioMixer: Display: Creating Master Submix 'MasterEQSubmixDefault'
[2020.09.30-16.56.16:753][134]LogInit: FAudioDevice initialized.
[2020.09.30-16.56.16:759][134]LogLoad: Game class is 'ThirdPersonGameMode_C'
[2020.09.30-16.56.16:763][134]LogWorld: Bringing World /Game/UEDPIE_0_MainMap.MainMap up for play (max tick rate 60) at 2020.09.30-18.56.16
[2020.09.30-16.56.16:763][134]LogWorld: Bringing up level for play took: 0.002894
[2020.09.30-16.56.16:763][134]LogOnline: OSS: Creating online subsystem instance for: :Context_7
[2020.09.30-16.56.16:765][134]PIE: Server logged in
[2020.09.30-16.56.16:766][134]PIE: Play in editor total start time 0,076 seconds.
[2020.09.30-16.56.22:558][479]LogSlate: Updating window title bar state: overlay mode, drag disabled, window buttons hidden, title bar hidden
[2020.09.30-16.56.22:558][479]LogWorld: BeginTearingDown for /Game/UEDPIE_0_MainMap
[2020.09.30-16.56.22:559][479]LogWorld: UWorld::CleanupWorld for MainMap, bSessionEnded=true, bCleanupResources=true
[2020.09.30-16.56.22:560][479]LogSlate: InvalidateAllWidgets triggered.  All widgets were invalidated
[2020.09.30-16.56.22:571][479]LogPlayLevel: Display: Shutting down PIE online subsystems
[2020.09.30-16.56.22:574][479]LogSlate: InvalidateAllWidgets triggered.  All widgets were invalidated
[2020.09.30-16.56.22:584][479]LogSlate: Updating window title bar state: overlay mode, drag disabled, window buttons hidden, title bar hidden
[2020.09.30-16.56.22:607][479]LogAISub: UAISubsystem::~UAISubsystem AIPerceptionSystem (00000254BF757380), frame # 9479
[2020.09.30-16.56.22:607][479]LogAISub: UAISubsystem::~UAISubsystem EnvQueryManager (00000254B8902200), frame # 9479
[2020.09.30-16.56.22:608][479]LogUObjectHash: Compacting FUObjectHashTables data took   0.70ms
[2020.09.30-16.56.22:641][480]LogPlayLevel: Display: Destroying online subsystem :Context_7
[2020.09.30-16.56.23:504][527]LogTemp: Repeating last play command: Selected Viewport
[2020.09.30-16.56.23:520][527]LogPlayLevel: PlayLevel: No blueprints needed recompiling
[2020.09.30-16.56.23:520][527]PIE: New page: PIE session: MainMap (30 sept. 2020 à 20:56:23)
[2020.09.30-16.56.23:521][527]LogPlayLevel: Creating play world package: /Game/UEDPIE_0_MainMap
[2020.09.30-16.56.23:526][527]LogPlayLevel: PIE: StaticDuplicateObject took: (0.005294s)
[2020.09.30-16.56.23:527][527]LogAIModule: Creating AISystem for world MainMap
[2020.09.30-16.56.23:527][527]LogAISub: UAISubsystem::UAISubsystem EnvQueryManager (00000254879D1E00), frame # 9527
[2020.09.30-16.56.23:527][527]LogAISub: UAISubsystem::UAISubsystem AIPerceptionSystem (00000254A16839C0), frame # 9527
[2020.09.30-16.56.23:528][527]LogPlayLevel: PIE: World Init took: (0.001640s)
[2020.09.30-16.56.23:528][527]LogPlayLevel: PIE: Created PIE world by copying editor world from /Game/MainMap.MainMap to /Game/UEDPIE_0_MainMap.MainMap (0.007187s)
[2020.09.30-16.56.23:538][527]LogUObjectHash: Compacting FUObjectHashTables data took   0.60ms
[2020.09.30-16.56.23:539][527]LogAudioMixer: Display: Audio Mixer Platform Settings:
[2020.09.30-16.56.23:539][527]LogAudioMixer: Display: 	Sample Rate:						  48000
[2020.09.30-16.56.23:539][527]LogAudioMixer: Display: 	Callback Buffer Frame Size Requested: 1024
[2020.09.30-16.56.23:539][527]LogAudioMixer: Display: 	Callback Buffer Frame Size To Use:	  1024
[2020.09.30-16.56.23:539][527]LogAudioMixer: Display: 	Number of buffers to queue:			  2
[2020.09.30-16.56.23:539][527]LogAudioMixer: Display: 	Max Channels (voices):				  32
[2020.09.30-16.56.23:539][527]LogAudioMixer: Display: 	Number of Async Source Workers:		  0
[2020.09.30-16.56.23:539][527]LogAudio: Display: AudioDevice MaxSources: 32
[2020.09.30-16.56.23:540][527]LogAudio: Display: Using built-in audio occlusion.
[2020.09.30-16.56.23:540][527]LogAudioMixer: Display: Initializing audio mixer.
[2020.09.30-16.56.23:541][527]LogAudioMixer: Display: 0: FrontLeft
[2020.09.30-16.56.23:541][527]LogAudioMixer: Display: 1: FrontRight
[2020.09.30-16.56.23:559][527]LogAudioMixer: Display: Using Audio Device Haut-parleurs (Realtek High Definition Audio)
[2020.09.30-16.56.23:559][527]LogAudioMixer: Display: Initializing Sound Submixes...
[2020.09.30-16.56.23:559][527]LogAudioMixer: Display: Creating Master Submix 'MasterSubmixDefault'
[2020.09.30-16.56.23:559][527]LogAudioMixer: Display: Creating Master Submix 'MasterReverbSubmixDefault'
[2020.09.30-16.56.23:560][527]LogAudioMixer: Display: Creating Master Submix 'MasterEQSubmixDefault'
[2020.09.30-16.56.23:576][527]LogInit: FAudioDevice initialized.
[2020.09.30-16.56.23:584][527]LogLoad: Game class is 'ThirdPersonGameMode_C'
[2020.09.30-16.56.23:588][527]LogWorld: Bringing World /Game/UEDPIE_0_MainMap.MainMap up for play (max tick rate 60) at 2020.09.30-18.56.23
[2020.09.30-16.56.23:588][527]LogWorld: Bringing up level for play took: 0.002677
[2020.09.30-16.56.23:588][527]LogOnline: OSS: Creating online subsystem instance for: :Context_8
[2020.09.30-16.56.23:592][527]PIE: Server logged in
[2020.09.30-16.56.23:593][527]PIE: Play in editor total start time 0,073 seconds.
[2020.09.30-16.56.31:149][979]LogSlate: Updating window title bar state: overlay mode, drag disabled, window buttons hidden, title bar hidden
[2020.09.30-16.56.31:149][979]LogWorld: BeginTearingDown for /Game/UEDPIE_0_MainMap
[2020.09.30-16.56.31:149][979]LogWorld: UWorld::CleanupWorld for MainMap, bSessionEnded=true, bCleanupResources=true
[2020.09.30-16.56.31:150][979]LogSlate: InvalidateAllWidgets triggered.  All widgets were invalidated
[2020.09.30-16.56.31:157][979]LogPlayLevel: Display: Shutting down PIE online subsystems
[2020.09.30-16.56.31:159][979]LogSlate: InvalidateAllWidgets triggered.  All widgets were invalidated
[2020.09.30-16.56.31:169][979]LogSlate: Updating window title bar state: overlay mode, drag disabled, window buttons hidden, title bar hidden
[2020.09.30-16.56.31:192][979]LogAISub: UAISubsystem::~UAISubsystem AIPerceptionSystem (00000254A16839C0), frame # 9979
[2020.09.30-16.56.31:192][979]LogAISub: UAISubsystem::~UAISubsystem EnvQueryManager (00000254879D1E00), frame # 9979
[2020.09.30-16.56.31:193][979]LogUObjectHash: Compacting FUObjectHashTables data took   0.65ms
[2020.09.30-16.56.31:320][981]LogPlayLevel: Display: Destroying online subsystem :Context_8
[2020.09.30-16.56.32:450][ 46]LogTemp: Repeating last play command: Selected Viewport
[2020.09.30-16.56.32:466][ 46]LogPlayLevel: PlayLevel: No blueprints needed recompiling
[2020.09.30-16.56.32:466][ 46]PIE: New page: PIE session: MainMap (30 sept. 2020 à 20:56:32)
[2020.09.30-16.56.32:466][ 46]LogPlayLevel: Creating play world package: /Game/UEDPIE_0_MainMap
[2020.09.30-16.56.32:472][ 46]LogPlayLevel: PIE: StaticDuplicateObject took: (0.005180s)
[2020.09.30-16.56.32:472][ 46]LogAIModule: Creating AISystem for world MainMap
[2020.09.30-16.56.32:472][ 46]LogAISub: UAISubsystem::UAISubsystem EnvQueryManager (00000254C71E2C00), frame # 10046
[2020.09.30-16.56.32:472][ 46]LogAISub: UAISubsystem::UAISubsystem AIPerceptionSystem (00000254BF6DFEC0), frame # 10046
[2020.09.30-16.56.32:473][ 46]LogPlayLevel: PIE: World Init took: (0.001037s)
[2020.09.30-16.56.32:473][ 46]LogPlayLevel: PIE: Created PIE world by copying editor world from /Game/MainMap.MainMap to /Game/UEDPIE_0_MainMap.MainMap (0.006340s)
[2020.09.30-16.56.32:483][ 46]LogUObjectHash: Compacting FUObjectHashTables data took   0.71ms
[2020.09.30-16.56.32:485][ 46]LogAudioMixer: Display: Audio Mixer Platform Settings:
[2020.09.30-16.56.32:485][ 46]LogAudioMixer: Display: 	Sample Rate:						  48000
[2020.09.30-16.56.32:485][ 46]LogAudioMixer: Display: 	Callback Buffer Frame Size Requested: 1024
[2020.09.30-16.56.32:485][ 46]LogAudioMixer: Display: 	Callback Buffer Frame Size To Use:	  1024
[2020.09.30-16.56.32:485][ 46]LogAudioMixer: Display: 	Number of buffers to queue:			  2
[2020.09.30-16.56.32:485][ 46]LogAudioMixer: Display: 	Max Channels (voices):				  32
[2020.09.30-16.56.32:485][ 46]LogAudioMixer: Display: 	Number of Async Source Workers:		  0
[2020.09.30-16.56.32:485][ 46]LogAudio: Display: AudioDevice MaxSources: 32
[2020.09.30-16.56.32:486][ 46]LogAudio: Display: Using built-in audio occlusion.
[2020.09.30-16.56.32:486][ 46]LogAudioMixer: Display: Initializing audio mixer.
[2020.09.30-16.56.32:487][ 46]LogAudioMixer: Display: 0: FrontLeft
[2020.09.30-16.56.32:487][ 46]LogAudioMixer: Display: 1: FrontRight
[2020.09.30-16.56.32:505][ 46]LogAudioMixer: Display: Using Audio Device Haut-parleurs (Realtek High Definition Audio)
[2020.09.30-16.56.32:505][ 46]LogAudioMixer: Display: Initializing Sound Submixes...
[2020.09.30-16.56.32:505][ 46]LogAudioMixer: Display: Creating Master Submix 'MasterSubmixDefault'
[2020.09.30-16.56.32:505][ 46]LogAudioMixer: Display: Creating Master Submix 'MasterReverbSubmixDefault'
[2020.09.30-16.56.32:505][ 46]LogAudioMixer: Display: Creating Master Submix 'MasterEQSubmixDefault'
[2020.09.30-16.56.32:522][ 46]LogInit: FAudioDevice initialized.
[2020.09.30-16.56.32:532][ 46]LogLoad: Game class is 'ThirdPersonGameMode_C'
[2020.09.30-16.56.32:535][ 46]LogWorld: Bringing World /Game/UEDPIE_0_MainMap.MainMap up for play (max tick rate 60) at 2020.09.30-18.56.32
[2020.09.30-16.56.32:535][ 46]LogWorld: Bringing up level for play took: 0.002345
[2020.09.30-16.56.32:535][ 46]LogOnline: OSS: Creating online subsystem instance for: :Context_9
[2020.09.30-16.56.32:537][ 46]PIE: Server logged in
[2020.09.30-16.56.32:538][ 46]PIE: Play in editor total start time 0,073 seconds.
[2020.09.30-16.56.47:218][925]LogSlate: Updating window title bar state: overlay mode, drag disabled, window buttons hidden, title bar hidden
[2020.09.30-16.56.47:218][925]LogWorld: BeginTearingDown for /Game/UEDPIE_0_MainMap
[2020.09.30-16.56.47:219][925]LogWorld: UWorld::CleanupWorld for MainMap, bSessionEnded=true, bCleanupResources=true
[2020.09.30-16.56.47:219][925]LogSlate: InvalidateAllWidgets triggered.  All widgets were invalidated
[2020.09.30-16.56.47:228][925]LogPlayLevel: Display: Shutting down PIE online subsystems
[2020.09.30-16.56.47:230][925]LogSlate: InvalidateAllWidgets triggered.  All widgets were invalidated
[2020.09.30-16.56.47:239][925]LogSlate: Updating window title bar state: overlay mode, drag disabled, window buttons hidden, title bar hidden
[2020.09.30-16.56.47:263][925]LogAISub: UAISubsystem::~UAISubsystem AIPerceptionSystem (00000254BF6DFEC0), frame # 10925
[2020.09.30-16.56.47:263][925]LogAISub: UAISubsystem::~UAISubsystem EnvQueryManager (00000254C71E2C00), frame # 10925
[2020.09.30-16.56.47:264][925]LogUObjectHash: Compacting FUObjectHashTables data took   0.67ms
[2020.09.30-16.56.47:297][926]LogPlayLevel: Display: Destroying online subsystem :Context_9
[2020.09.30-16.59.29:542][523]LogUObjectHash: Compacting FUObjectHashTables data took   0.87ms
[2020.09.30-16.59.29:586][523]LogSavePackage: Moving '../../../../../Utilisateurs/valen/Documents/Unreal Projects/InsaneRunner/Saved/MainMap_Auto1ED6FA211452AF96030030EA82D8CC0A1.tmp' to '../../../../../Utilisateurs/valen/Documents/Unreal Projects/InsaneRunner/Saved/Autosaves/Game/MainMap_Auto1.umap'
[2020.09.30-16.59.29:588][523]LogFileHelpers: Editor autosave (incl. sublevels) for '/Game/MainMap' took 0.057
[2020.09.30-16.59.29:588][523]LogFileHelpers: Editor autosave (incl. sublevels) for all levels took 0.057
[2020.09.30-17.07.56:807][446]LogAudioMixer: Display: Audio Buffer Underrun detected.
[2020.09.30-18.09.14:785][ 28]LogDirectoryWatcher: A directory notification failed for 'D:/Utilisateurs/valen/Documents/Unreal Projects/InsaneRunner/Content/Collections/' because it could not be accessed. Aborting watch request...
[2020.09.30-18.09.14:785][ 28]LogDirectoryWatcher: A directory notification failed for 'D:/Utilisateurs/valen/Documents/Unreal Projects/InsaneRunner/Content/Developers/valen/Collections/' because it could not be accessed. Aborting watch request...
[2020.09.30-18.09.14:785][ 28]LogDirectoryWatcher: A directory notification failed for 'D:/Utilisateurs/valen/Documents/Unreal Projects/InsaneRunner/Saved/Collections/' because it could not be accessed. Aborting watch request...
